\BOOKMARK [0][-]{chapter.1}{\376\377\000N\000a\000m\000e\000s\000p\000a\000c\000e\000\040\000I\000n\000d\000e\000x}{}
\BOOKMARK [1][-]{section.1.1}{\376\377\000N\000a\000m\000e\000s\000p\000a\000c\000e\000\040\000L\000i\000s\000t}{chapter.1}
\BOOKMARK [0][-]{chapter.2}{\376\377\000C\000l\000a\000s\000s\000\040\000I\000n\000d\000e\000x}{}
\BOOKMARK [1][-]{section.2.1}{\376\377\000C\000l\000a\000s\000s\000\040\000H\000i\000e\000r\000a\000r\000c\000h\000y}{chapter.2}
\BOOKMARK [0][-]{chapter.3}{\376\377\000C\000l\000a\000s\000s\000\040\000I\000n\000d\000e\000x}{}
\BOOKMARK [1][-]{section.3.1}{\376\377\000C\000l\000a\000s\000s\000\040\000L\000i\000s\000t}{chapter.3}
\BOOKMARK [0][-]{chapter.4}{\376\377\000N\000a\000m\000e\000s\000p\000a\000c\000e\000\040\000D\000o\000c\000u\000m\000e\000n\000t\000a\000t\000i\000o\000n}{}
\BOOKMARK [1][-]{section.4.1}{\376\377\000U\000i\000\040\000N\000a\000m\000e\000s\000p\000a\000c\000e\000\040\000R\000e\000f\000e\000r\000e\000n\000c\000e}{chapter.4}
\BOOKMARK [2][-]{subsection.4.1.1}{\376\377\000D\000e\000t\000a\000i\000l\000e\000d\000\040\000D\000e\000s\000c\000r\000i\000p\000t\000i\000o\000n}{section.4.1}
\BOOKMARK [0][-]{chapter.5}{\376\377\000C\000l\000a\000s\000s\000\040\000D\000o\000c\000u\000m\000e\000n\000t\000a\000t\000i\000o\000n}{}
\BOOKMARK [1][-]{section.5.1}{\376\377\000A\000b\000o\000u\000t\000D\000i\000a\000l\000o\000g\000\040\000C\000l\000a\000s\000s\000\040\000R\000e\000f\000e\000r\000e\000n\000c\000e}{chapter.5}
\BOOKMARK [2][-]{subsection.5.1.1}{\376\377\000C\000o\000n\000s\000t\000r\000u\000c\000t\000o\000r\000\040\000\046\000\040\000D\000e\000s\000t\000r\000u\000c\000t\000o\000r\000\040\000D\000o\000c\000u\000m\000e\000n\000t\000a\000t\000i\000o\000n}{section.5.1}
\BOOKMARK [3][-]{subsubsection.5.1.1.1}{\376\377\000A\000b\000o\000u\000t\000D\000i\000a\000l\000o\000g}{subsection.5.1.1}
\BOOKMARK [1][-]{section.5.2}{\376\377\000A\000p\000p\000S\000e\000t\000t\000i\000n\000g\000s\000\040\000C\000l\000a\000s\000s\000\040\000R\000e\000f\000e\000r\000e\000n\000c\000e}{chapter.5}
\BOOKMARK [2][-]{subsection.5.2.1}{\376\377\000D\000e\000t\000a\000i\000l\000e\000d\000\040\000D\000e\000s\000c\000r\000i\000p\000t\000i\000o\000n}{section.5.2}
\BOOKMARK [2][-]{subsection.5.2.2}{\376\377\000C\000o\000n\000s\000t\000r\000u\000c\000t\000o\000r\000\040\000\046\000\040\000D\000e\000s\000t\000r\000u\000c\000t\000o\000r\000\040\000D\000o\000c\000u\000m\000e\000n\000t\000a\000t\000i\000o\000n}{section.5.2}
\BOOKMARK [3][-]{subsubsection.5.2.2.1}{\376\377\000A\000p\000p\000S\000e\000t\000t\000i\000n\000g\000s}{subsection.5.2.2}
\BOOKMARK [1][-]{section.5.3}{\376\377\000A\000s\000s\000i\000s\000t\000a\000n\000t\000\040\000C\000l\000a\000s\000s\000\040\000R\000e\000f\000e\000r\000e\000n\000c\000e}{chapter.5}
\BOOKMARK [2][-]{subsection.5.3.1}{\376\377\000M\000e\000m\000b\000e\000r\000\040\000F\000u\000n\000c\000t\000i\000o\000n\000\040\000D\000o\000c\000u\000m\000e\000n\000t\000a\000t\000i\000o\000n}{section.5.3}
\BOOKMARK [3][-]{subsubsection.5.3.1.1}{\376\377\000s\000h\000o\000w\000D\000o\000c\000u\000m\000e\000n\000t\000a\000t\000i\000o\000n}{subsection.5.3.1}
\BOOKMARK [1][-]{section.5.4}{\376\377\000B\000o\000o\000k\000A\000d\000d\000D\000i\000a\000l\000o\000g\000\040\000C\000l\000a\000s\000s\000\040\000R\000e\000f\000e\000r\000e\000n\000c\000e}{chapter.5}
\BOOKMARK [2][-]{subsection.5.4.1}{\376\377\000C\000o\000n\000s\000t\000r\000u\000c\000t\000o\000r\000\040\000\046\000\040\000D\000e\000s\000t\000r\000u\000c\000t\000o\000r\000\040\000D\000o\000c\000u\000m\000e\000n\000t\000a\000t\000i\000o\000n}{section.5.4}
\BOOKMARK [3][-]{subsubsection.5.4.1.1}{\376\377\000B\000o\000o\000k\000A\000d\000d\000D\000i\000a\000l\000o\000g}{subsection.5.4.1}
\BOOKMARK [1][-]{section.5.5}{\376\377\000C\000o\000n\000f\000i\000g\000\040\000C\000l\000a\000s\000s\000\040\000R\000e\000f\000e\000r\000e\000n\000c\000e}{chapter.5}
\BOOKMARK [1][-]{section.5.6}{\376\377\000C\000o\000n\000t\000e\000n\000t\000I\000t\000e\000m\000\040\000S\000t\000r\000u\000c\000t\000\040\000R\000e\000f\000e\000r\000e\000n\000c\000e}{chapter.5}
\BOOKMARK [1][-]{section.5.7}{\376\377\000D\000i\000a\000l\000o\000g\000C\000e\000l\000l\000S\000p\000l\000i\000t\000\040\000C\000l\000a\000s\000s\000\040\000R\000e\000f\000e\000r\000e\000n\000c\000e}{chapter.5}
\BOOKMARK [2][-]{subsection.5.7.1}{\376\377\000D\000e\000t\000a\000i\000l\000e\000d\000\040\000D\000e\000s\000c\000r\000i\000p\000t\000i\000o\000n}{section.5.7}
\BOOKMARK [2][-]{subsection.5.7.2}{\376\377\000C\000o\000n\000s\000t\000r\000u\000c\000t\000o\000r\000\040\000\046\000\040\000D\000e\000s\000t\000r\000u\000c\000t\000o\000r\000\040\000D\000o\000c\000u\000m\000e\000n\000t\000a\000t\000i\000o\000n}{section.5.7}
\BOOKMARK [3][-]{subsubsection.5.7.2.1}{\376\377\000D\000i\000a\000l\000o\000g\000C\000e\000l\000l\000S\000p\000l\000i\000t}{subsection.5.7.2}
\BOOKMARK [1][-]{section.5.8}{\376\377\000D\000o\000c\000P\000r\000o\000p\000e\000r\000t\000i\000e\000s\000\040\000C\000l\000a\000s\000s\000\040\000R\000e\000f\000e\000r\000e\000n\000c\000e}{chapter.5}
\BOOKMARK [2][-]{subsection.5.8.1}{\376\377\000D\000e\000t\000a\000i\000l\000e\000d\000\040\000D\000e\000s\000c\000r\000i\000p\000t\000i\000o\000n}{section.5.8}
\BOOKMARK [2][-]{subsection.5.8.2}{\376\377\000C\000o\000n\000s\000t\000r\000u\000c\000t\000o\000r\000\040\000\046\000\040\000D\000e\000s\000t\000r\000u\000c\000t\000o\000r\000\040\000D\000o\000c\000u\000m\000e\000n\000t\000a\000t\000i\000o\000n}{section.5.8}
\BOOKMARK [3][-]{subsubsection.5.8.2.1}{\376\377\000D\000o\000c\000P\000r\000o\000p\000e\000r\000t\000i\000e\000s}{subsection.5.8.2}
\BOOKMARK [1][-]{section.5.9}{\376\377\000D\000o\000c\000u\000m\000e\000n\000t\000\040\000S\000t\000r\000u\000c\000t\000\040\000R\000e\000f\000e\000r\000e\000n\000c\000e}{chapter.5}
\BOOKMARK [2][-]{subsection.5.9.1}{\376\377\000D\000e\000t\000a\000i\000l\000e\000d\000\040\000D\000e\000s\000c\000r\000i\000p\000t\000i\000o\000n}{section.5.9}
\BOOKMARK [1][-]{section.5.10}{\376\377\000D\000o\000c\000u\000P\000a\000r\000s\000e\000r\000\040\000C\000l\000a\000s\000s\000\040\000R\000e\000f\000e\000r\000e\000n\000c\000e}{chapter.5}
\BOOKMARK [1][-]{section.5.11}{\376\377\000D\000o\000c\000u\000P\000a\000r\000s\000e\000r\000R\000A\000P\000\040\000C\000l\000a\000s\000s\000\040\000R\000e\000f\000e\000r\000e\000n\000c\000e}{chapter.5}
\BOOKMARK [1][-]{section.5.12}{\376\377\000I\000n\000d\000e\000x\000:\000:\000E\000n\000t\000r\000y\000\040\000S\000t\000r\000u\000c\000t\000\040\000R\000e\000f\000e\000r\000e\000n\000c\000e}{chapter.5}
\BOOKMARK [1][-]{section.5.13}{\376\377\000E\000x\000p\000o\000r\000t\000\040\000C\000l\000a\000s\000s\000\040\000R\000e\000f\000e\000r\000e\000n\000c\000e}{chapter.5}
\BOOKMARK [2][-]{subsection.5.13.1}{\376\377\000D\000e\000t\000a\000i\000l\000e\000d\000\040\000D\000e\000s\000c\000r\000i\000p\000t\000i\000o\000n}{section.5.13}
\BOOKMARK [2][-]{subsection.5.13.2}{\376\377\000C\000o\000n\000s\000t\000r\000u\000c\000t\000o\000r\000\040\000\046\000\040\000D\000e\000s\000t\000r\000u\000c\000t\000o\000r\000\040\000D\000o\000c\000u\000m\000e\000n\000t\000a\000t\000i\000o\000n}{section.5.13}
\BOOKMARK [3][-]{subsubsection.5.13.2.1}{\376\377\000E\000x\000p\000o\000r\000t}{subsection.5.13.2}
\BOOKMARK [1][-]{section.5.14}{\376\377\000F\000o\000n\000t\000P\000a\000n\000e\000l\000\040\000C\000l\000a\000s\000s\000\040\000R\000e\000f\000e\000r\000e\000n\000c\000e}{chapter.5}
\BOOKMARK [1][-]{section.5.15}{\376\377\000F\000o\000n\000t\000S\000e\000t\000t\000i\000n\000g\000s\000\040\000S\000t\000r\000u\000c\000t\000\040\000R\000e\000f\000e\000r\000e\000n\000c\000e}{chapter.5}
\BOOKMARK [1][-]{section.5.16}{\376\377\000F\000o\000n\000t\000S\000e\000t\000t\000i\000n\000g\000s\000D\000i\000a\000l\000o\000g\000\040\000C\000l\000a\000s\000s\000\040\000R\000e\000f\000e\000r\000e\000n\000c\000e}{chapter.5}
\BOOKMARK [2][-]{subsection.5.16.1}{\376\377\000C\000o\000n\000s\000t\000r\000u\000c\000t\000o\000r\000\040\000\046\000\040\000D\000e\000s\000t\000r\000u\000c\000t\000o\000r\000\040\000D\000o\000c\000u\000m\000e\000n\000t\000a\000t\000i\000o\000n}{section.5.16}
\BOOKMARK [3][-]{subsubsection.5.16.1.1}{\376\377\000F\000o\000n\000t\000S\000e\000t\000t\000i\000n\000g\000s\000D\000i\000a\000l\000o\000g}{subsection.5.16.1}
\BOOKMARK [1][-]{section.5.17}{\376\377\000F\000R\000D\000i\000a\000l\000o\000g\000\040\000C\000l\000a\000s\000s\000\040\000R\000e\000f\000e\000r\000e\000n\000c\000e}{chapter.5}
\BOOKMARK [2][-]{subsection.5.17.1}{\376\377\000C\000o\000n\000s\000t\000r\000u\000c\000t\000o\000r\000\040\000\046\000\040\000D\000e\000s\000t\000r\000u\000c\000t\000o\000r\000\040\000D\000o\000c\000u\000m\000e\000n\000t\000a\000t\000i\000o\000n}{section.5.17}
\BOOKMARK [3][-]{subsubsection.5.17.1.1}{\376\377\000F\000R\000D\000i\000a\000l\000o\000g}{subsection.5.17.1}
\BOOKMARK [1][-]{section.5.18}{\376\377\000H\000e\000l\000p\000D\000i\000a\000l\000o\000g\000\040\000C\000l\000a\000s\000s\000\040\000R\000e\000f\000e\000r\000e\000n\000c\000e}{chapter.5}
\BOOKMARK [2][-]{subsection.5.18.1}{\376\377\000M\000e\000m\000b\000e\000r\000\040\000F\000u\000n\000c\000t\000i\000o\000n\000\040\000D\000o\000c\000u\000m\000e\000n\000t\000a\000t\000i\000o\000n}{section.5.18}
\BOOKMARK [3][-]{subsubsection.5.18.1.1}{\376\377\000e\000v\000e\000n\000t\000F\000i\000l\000t\000e\000r}{subsection.5.18.1}
\BOOKMARK [3][-]{subsubsection.5.18.1.2}{\376\377\000i\000n\000i\000t\000i\000a\000l\000i\000z\000e}{subsection.5.18.1}
\BOOKMARK [3][-]{subsubsection.5.18.1.3}{\376\377\000o\000n\000\137\000B\000P\000r\000o\000j\000e\000c\000t\000A\000d\000d\000\137\000c\000l\000i\000c\000k\000e\000d}{subsection.5.18.1}
\BOOKMARK [1][-]{section.5.19}{\376\377\000H\000e\000l\000p\000N\000a\000v\000i\000g\000a\000t\000i\000o\000n\000L\000i\000s\000t\000I\000t\000e\000m\000\040\000C\000l\000a\000s\000s\000\040\000R\000e\000f\000e\000r\000e\000n\000c\000e}{chapter.5}
\BOOKMARK [1][-]{section.5.20}{\376\377\000H\000e\000l\000p\000W\000i\000n\000d\000o\000w\000\040\000C\000l\000a\000s\000s\000\040\000R\000e\000f\000e\000r\000e\000n\000c\000e}{chapter.5}
\BOOKMARK [2][-]{subsection.5.20.1}{\376\377\000M\000e\000m\000b\000e\000r\000\040\000F\000u\000n\000c\000t\000i\000o\000n\000\040\000D\000o\000c\000u\000m\000e\000n\000t\000a\000t\000i\000o\000n}{section.5.20}
\BOOKMARK [3][-]{subsubsection.5.20.1.1}{\376\377\000f\000i\000l\000e\000S\000a\000v\000e}{subsection.5.20.1}
\BOOKMARK [3][-]{subsubsection.5.20.1.2}{\376\377\000i\000n\000s\000e\000r\000t\000R\000i\000c\000h\000T\000e\000x\000t}{subsection.5.20.1}
\BOOKMARK [1][-]{section.5.21}{\376\377\000I\000m\000p\000o\000r\000t\000\040\000C\000l\000a\000s\000s\000\040\000R\000e\000f\000e\000r\000e\000n\000c\000e}{chapter.5}
\BOOKMARK [2][-]{subsection.5.21.1}{\376\377\000D\000e\000t\000a\000i\000l\000e\000d\000\040\000D\000e\000s\000c\000r\000i\000p\000t\000i\000o\000n}{section.5.21}
\BOOKMARK [2][-]{subsection.5.21.2}{\376\377\000C\000o\000n\000s\000t\000r\000u\000c\000t\000o\000r\000\040\000\046\000\040\000D\000e\000s\000t\000r\000u\000c\000t\000o\000r\000\040\000D\000o\000c\000u\000m\000e\000n\000t\000a\000t\000i\000o\000n}{section.5.21}
\BOOKMARK [3][-]{subsubsection.5.21.2.1}{\376\377\000I\000m\000p\000o\000r\000t}{subsection.5.21.2}
\BOOKMARK [2][-]{subsection.5.21.3}{\376\377\000M\000e\000m\000b\000e\000r\000\040\000F\000u\000n\000c\000t\000i\000o\000n\000\040\000D\000o\000c\000u\000m\000e\000n\000t\000a\000t\000i\000o\000n}{section.5.21}
\BOOKMARK [3][-]{subsubsection.5.21.3.1}{\376\377\000i\000m\000p\000o\000r\000t\000B\000o\000o\000k}{subsection.5.21.3}
\BOOKMARK [1][-]{section.5.22}{\376\377\000I\000m\000p\000o\000r\000t\000B\000o\000o\000k\000D\000i\000a\000l\000o\000g\000\040\000C\000l\000a\000s\000s\000\040\000R\000e\000f\000e\000r\000e\000n\000c\000e}{chapter.5}
\BOOKMARK [1][-]{section.5.23}{\376\377\000I\000n\000d\000e\000x\000\040\000C\000l\000a\000s\000s\000\040\000R\000e\000f\000e\000r\000e\000n\000c\000e}{chapter.5}
\BOOKMARK [1][-]{section.5.24}{\376\377\000I\000n\000d\000e\000x\000I\000t\000e\000m\000\040\000S\000t\000r\000u\000c\000t\000\040\000R\000e\000f\000e\000r\000e\000n\000c\000e}{chapter.5}
\BOOKMARK [1][-]{section.5.25}{\376\377\000I\000n\000d\000e\000x\000K\000e\000y\000w\000o\000r\000d\000\040\000S\000t\000r\000u\000c\000t\000\040\000R\000e\000f\000e\000r\000e\000n\000c\000e}{chapter.5}
\BOOKMARK [1][-]{section.5.26}{\376\377\000I\000n\000d\000e\000x\000L\000i\000s\000t\000M\000o\000d\000e\000l\000\040\000C\000l\000a\000s\000s\000\040\000R\000e\000f\000e\000r\000e\000n\000c\000e}{chapter.5}
\BOOKMARK [2][-]{subsection.5.26.1}{\376\377\000M\000e\000m\000b\000e\000r\000\040\000F\000u\000n\000c\000t\000i\000o\000n\000\040\000D\000o\000c\000u\000m\000e\000n\000t\000a\000t\000i\000o\000n}{section.5.26}
\BOOKMARK [3][-]{subsubsection.5.26.1.1}{\376\377\000f\000i\000l\000t\000e\000r}{subsection.5.26.1}
\BOOKMARK [1][-]{section.5.27}{\376\377\000I\000t\000e\000m\000P\000r\000o\000p\000e\000r\000t\000i\000e\000s\000\040\000C\000l\000a\000s\000s\000\040\000R\000e\000f\000e\000r\000e\000n\000c\000e}{chapter.5}
\BOOKMARK [2][-]{subsection.5.27.1}{\376\377\000D\000e\000t\000a\000i\000l\000e\000d\000\040\000D\000e\000s\000c\000r\000i\000p\000t\000i\000o\000n}{section.5.27}
\BOOKMARK [2][-]{subsection.5.27.2}{\376\377\000C\000o\000n\000s\000t\000r\000u\000c\000t\000o\000r\000\040\000\046\000\040\000D\000e\000s\000t\000r\000u\000c\000t\000o\000r\000\040\000D\000o\000c\000u\000m\000e\000n\000t\000a\000t\000i\000o\000n}{section.5.27}
\BOOKMARK [3][-]{subsubsection.5.27.2.1}{\376\377\000I\000t\000e\000m\000P\000r\000o\000p\000e\000r\000t\000i\000e\000s}{subsection.5.27.2}
\BOOKMARK [1][-]{section.5.28}{\376\377\000L\000i\000n\000k\000P\000r\000o\000p\000e\000r\000t\000i\000e\000s\000\040\000C\000l\000a\000s\000s\000\040\000R\000e\000f\000e\000r\000e\000n\000c\000e}{chapter.5}
\BOOKMARK [2][-]{subsection.5.28.1}{\376\377\000D\000e\000t\000a\000i\000l\000e\000d\000\040\000D\000e\000s\000c\000r\000i\000p\000t\000i\000o\000n}{section.5.28}
\BOOKMARK [2][-]{subsection.5.28.2}{\376\377\000C\000o\000n\000s\000t\000r\000u\000c\000t\000o\000r\000\040\000\046\000\040\000D\000e\000s\000t\000r\000u\000c\000t\000o\000r\000\040\000D\000o\000c\000u\000m\000e\000n\000t\000a\000t\000i\000o\000n}{section.5.28}
\BOOKMARK [3][-]{subsubsection.5.28.2.1}{\376\377\000L\000i\000n\000k\000P\000r\000o\000p\000e\000r\000t\000i\000e\000s}{subsection.5.28.2}
\BOOKMARK [1][-]{section.5.29}{\376\377\000L\000n\000k\000I\000t\000e\000m\000\040\000S\000t\000r\000u\000c\000t\000\040\000R\000e\000f\000e\000r\000e\000n\000c\000e}{chapter.5}
\BOOKMARK [2][-]{subsection.5.29.1}{\376\377\000D\000e\000t\000a\000i\000l\000e\000d\000\040\000D\000e\000s\000c\000r\000i\000p\000t\000i\000o\000n}{section.5.29}
\BOOKMARK [1][-]{section.5.30}{\376\377\000M\000a\000i\000n\000W\000i\000n\000d\000o\000w\000\040\000C\000l\000a\000s\000s\000\040\000R\000e\000f\000e\000r\000e\000n\000c\000e}{chapter.5}
\BOOKMARK [2][-]{subsection.5.30.1}{\376\377\000M\000e\000m\000b\000e\000r\000\040\000F\000u\000n\000c\000t\000i\000o\000n\000\040\000D\000o\000c\000u\000m\000e\000n\000t\000a\000t\000i\000o\000n}{section.5.30}
\BOOKMARK [3][-]{subsubsection.5.30.1.1}{\376\377\000s\000e\000t\000u\000p}{subsection.5.30.1}
\BOOKMARK [1][-]{section.5.31}{\376\377\000I\000n\000d\000e\000x\000:\000:\000P\000o\000s\000E\000n\000t\000r\000y\000\040\000S\000t\000r\000u\000c\000t\000\040\000R\000e\000f\000e\000r\000e\000n\000c\000e}{chapter.5}
\BOOKMARK [1][-]{section.5.32}{\376\377\000P\000r\000e\000v\000i\000e\000w\000V\000i\000e\000w\000\040\000C\000l\000a\000s\000s\000\040\000R\000e\000f\000e\000r\000e\000n\000c\000e}{chapter.5}
\BOOKMARK [1][-]{section.5.33}{\376\377\000P\000r\000i\000n\000t\000P\000r\000e\000v\000i\000e\000w\000\040\000C\000l\000a\000s\000s\000\040\000R\000e\000f\000e\000r\000e\000n\000c\000e}{chapter.5}
\BOOKMARK [1][-]{section.5.34}{\376\377\000P\000r\000o\000f\000i\000l\000e\000\040\000C\000l\000a\000s\000s\000\040\000R\000e\000f\000e\000r\000e\000n\000c\000e}{chapter.5}
\BOOKMARK [2][-]{subsection.5.34.1}{\376\377\000C\000o\000n\000s\000t\000r\000u\000c\000t\000o\000r\000\040\000\046\000\040\000D\000e\000s\000t\000r\000u\000c\000t\000o\000r\000\040\000D\000o\000c\000u\000m\000e\000n\000t\000a\000t\000i\000o\000n}{section.5.34}
\BOOKMARK [3][-]{subsubsection.5.34.1.1}{\376\377\000P\000r\000o\000f\000i\000l\000e}{subsection.5.34.1}
\BOOKMARK [1][-]{section.5.35}{\376\377\000P\000r\000o\000j\000e\000c\000t\000P\000r\000o\000p\000e\000r\000t\000i\000e\000s\000\040\000C\000l\000a\000s\000s\000\040\000R\000e\000f\000e\000r\000e\000n\000c\000e}{chapter.5}
\BOOKMARK [2][-]{subsection.5.35.1}{\376\377\000C\000o\000n\000s\000t\000r\000u\000c\000t\000o\000r\000\040\000\046\000\040\000D\000e\000s\000t\000r\000u\000c\000t\000o\000r\000\040\000D\000o\000c\000u\000m\000e\000n\000t\000a\000t\000i\000o\000n}{section.5.35}
\BOOKMARK [3][-]{subsubsection.5.35.1.1}{\376\377\000P\000r\000o\000j\000e\000c\000t\000P\000r\000o\000p\000e\000r\000t\000i\000e\000s}{subsection.5.35.1}
\BOOKMARK [1][-]{section.5.36}{\376\377\000P\000r\000o\000j\000e\000c\000t\000S\000e\000t\000t\000i\000n\000g\000s\000\040\000C\000l\000a\000s\000s\000\040\000R\000e\000f\000e\000r\000e\000n\000c\000e}{chapter.5}
\BOOKMARK [1][-]{section.5.37}{\376\377\000r\000a\000E\000d\000i\000t\000\040\000C\000l\000a\000s\000s\000\040\000R\000e\000f\000e\000r\000e\000n\000c\000e}{chapter.5}
\BOOKMARK [2][-]{subsection.5.37.1}{\376\377\000D\000e\000t\000a\000i\000l\000e\000d\000\040\000D\000e\000s\000c\000r\000i\000p\000t\000i\000o\000n}{section.5.37}
\BOOKMARK [2][-]{subsection.5.37.2}{\376\377\000M\000e\000m\000b\000e\000r\000\040\000F\000u\000n\000c\000t\000i\000o\000n\000\040\000D\000o\000c\000u\000m\000e\000n\000t\000a\000t\000i\000o\000n}{section.5.37}
\BOOKMARK [3][-]{subsubsection.5.37.2.1}{\376\377\000l\000o\000a\000d\000R\000e\000s\000o\000u\000r\000c\000e}{subsection.5.37.2}
\BOOKMARK [3][-]{subsubsection.5.37.2.2}{\376\377\000m\000o\000u\000s\000e\000M\000o\000v\000e\000E\000v\000e\000n\000t}{subsection.5.37.2}
\BOOKMARK [3][-]{subsubsection.5.37.2.3}{\376\377\000r\000e\000l\000o\000a\000d}{subsection.5.37.2}
\BOOKMARK [3][-]{subsubsection.5.37.2.4}{\376\377\000s\000e\000t\000S\000o\000u\000r\000c\000e}{subsection.5.37.2}
\BOOKMARK [2][-]{subsection.5.37.3}{\376\377\000P\000r\000o\000p\000e\000r\000t\000y\000\040\000D\000o\000c\000u\000m\000e\000n\000t\000a\000t\000i\000o\000n}{section.5.37}
\BOOKMARK [3][-]{subsubsection.5.37.3.1}{\376\377\000s\000o\000u\000r\000c\000e}{subsection.5.37.3}
\BOOKMARK [1][-]{section.5.38}{\376\377\000S\000e\000a\000r\000c\000h\000V\000a\000l\000i\000d\000a\000t\000o\000r\000\040\000C\000l\000a\000s\000s\000\040\000R\000e\000f\000e\000r\000e\000n\000c\000e}{chapter.5}
\BOOKMARK [1][-]{section.5.39}{\376\377\000S\000r\000c\000I\000t\000e\000m\000\040\000S\000t\000r\000u\000c\000t\000\040\000R\000e\000f\000e\000r\000e\000n\000c\000e}{chapter.5}
\BOOKMARK [1][-]{section.5.40}{\376\377\000S\000r\000c\000L\000i\000s\000t\000P\000a\000r\000s\000e\000r\000\040\000C\000l\000a\000s\000s\000\040\000R\000e\000f\000e\000r\000e\000n\000c\000e}{chapter.5}
\BOOKMARK [2][-]{subsection.5.40.1}{\376\377\000C\000o\000n\000s\000t\000r\000u\000c\000t\000o\000r\000\040\000\046\000\040\000D\000e\000s\000t\000r\000u\000c\000t\000o\000r\000\040\000D\000o\000c\000u\000m\000e\000n\000t\000a\000t\000i\000o\000n}{section.5.40}
\BOOKMARK [3][-]{subsubsection.5.40.1.1}{\376\377\000S\000r\000c\000L\000i\000s\000t\000P\000a\000r\000s\000e\000r}{subsection.5.40.1}
\BOOKMARK [1][-]{section.5.41}{\376\377\000S\000t\000r\000u\000c\000t\000M\000o\000d\000u\000l\000e\000P\000r\000o\000p\000e\000r\000t\000i\000e\000s\000\040\000S\000t\000r\000u\000c\000t\000\040\000R\000e\000f\000e\000r\000e\000n\000c\000e}{chapter.5}
\BOOKMARK [2][-]{subsection.5.41.1}{\376\377\000D\000e\000t\000a\000i\000l\000e\000d\000\040\000D\000e\000s\000c\000r\000i\000p\000t\000i\000o\000n}{section.5.41}
\BOOKMARK [1][-]{section.5.42}{\376\377\000T\000a\000b\000b\000e\000d\000B\000r\000o\000w\000s\000e\000r\000\040\000C\000l\000a\000s\000s\000\040\000R\000e\000f\000e\000r\000e\000n\000c\000e}{chapter.5}
\BOOKMARK [2][-]{subsection.5.42.1}{\376\377\000C\000o\000n\000s\000t\000r\000u\000c\000t\000o\000r\000\040\000\046\000\040\000D\000e\000s\000t\000r\000u\000c\000t\000o\000r\000\040\000D\000o\000c\000u\000m\000e\000n\000t\000a\000t\000i\000o\000n}{section.5.42}
\BOOKMARK [3][-]{subsubsection.5.42.1.1}{\376\377\000T\000a\000b\000b\000e\000d\000B\000r\000o\000w\000s\000e\000r}{subsection.5.42.1}
\BOOKMARK [2][-]{subsection.5.42.2}{\376\377\000M\000e\000m\000b\000e\000r\000\040\000F\000u\000n\000c\000t\000i\000o\000n\000\040\000D\000o\000c\000u\000m\000e\000n\000t\000a\000t\000i\000o\000n}{section.5.42}
\BOOKMARK [3][-]{subsubsection.5.42.2.1}{\376\377\000h\000o\000m\000e}{subsection.5.42.2}
\BOOKMARK [3][-]{subsubsection.5.42.2.2}{\376\377\000s\000o\000u\000r\000c\000e\000C\000h\000a\000n\000g\000e\000d}{subsection.5.42.2}
\BOOKMARK [1][-]{section.5.43}{\376\377\000T\000a\000b\000l\000e\000P\000r\000o\000p\000e\000r\000t\000i\000e\000s\000\040\000C\000l\000a\000s\000s\000\040\000R\000e\000f\000e\000r\000e\000n\000c\000e}{chapter.5}
\BOOKMARK [2][-]{subsection.5.43.1}{\376\377\000D\000e\000t\000a\000i\000l\000e\000d\000\040\000D\000e\000s\000c\000r\000i\000p\000t\000i\000o\000n}{section.5.43}
\BOOKMARK [2][-]{subsection.5.43.2}{\376\377\000C\000o\000n\000s\000t\000r\000u\000c\000t\000o\000r\000\040\000\046\000\040\000D\000e\000s\000t\000r\000u\000c\000t\000o\000r\000\040\000D\000o\000c\000u\000m\000e\000n\000t\000a\000t\000i\000o\000n}{section.5.43}
\BOOKMARK [3][-]{subsubsection.5.43.2.1}{\376\377\000T\000a\000b\000l\000e\000P\000r\000o\000p\000e\000r\000t\000i\000e\000s}{subsection.5.43.2}
\BOOKMARK [1][-]{section.5.44}{\376\377\000T\000a\000g\000D\000i\000a\000l\000o\000g\000\040\000C\000l\000a\000s\000s\000\040\000R\000e\000f\000e\000r\000e\000n\000c\000e}{chapter.5}
\BOOKMARK [2][-]{subsection.5.44.1}{\376\377\000C\000o\000n\000s\000t\000r\000u\000c\000t\000o\000r\000\040\000\046\000\040\000D\000e\000s\000t\000r\000u\000c\000t\000o\000r\000\040\000D\000o\000c\000u\000m\000e\000n\000t\000a\000t\000i\000o\000n}{section.5.44}
\BOOKMARK [3][-]{subsubsection.5.44.1.1}{\376\377\000T\000a\000g\000D\000i\000a\000l\000o\000g}{subsection.5.44.1}
\BOOKMARK [1][-]{section.5.45}{\376\377\000T\000e\000r\000m\000\040\000S\000t\000r\000u\000c\000t\000\040\000R\000e\000f\000e\000r\000e\000n\000c\000e}{chapter.5}
\BOOKMARK [2][-]{subsection.5.45.1}{\376\377\000D\000e\000t\000a\000i\000l\000e\000d\000\040\000D\000e\000s\000c\000r\000i\000p\000t\000i\000o\000n}{section.5.45}
