This is pdfeTeX, Version 3.141592-1.21a-2.2 (Web2C 7.5.4) (format=pdflatex 2010.5.17)  20 JUL 2012 16:11
entering extended mode
**output/bQella-documentation.tex
(./output/bQella-documentation.tex
LaTeX2e <2003/12/01>
Babel <v3.8d> and hyphenation patterns for american, french, german, ngerman, b
ahasa, basque, bulgarian, catalan, croatian, czech, danish, dutch, esperanto, e
stonian, finnish, greek, icelandic, irish, italian, latin, magyar, norsk, polis
h, portuges, romanian, russian, serbian, slovak, slovene, spanish, swedish, tur
kish, ukrainian, nohyphenation, loaded.
(/usr/share/texmf/tex/latex/base/book.cls
Document Class: book 2004/02/16 v1.4f Standard LaTeX document class
(/usr/share/texmf/tex/latex/base/bk10.clo
File: bk10.clo 2004/02/16 v1.4f Standard LaTeX file (size option)
)
\c@part=\count79
\c@chapter=\count80
\c@section=\count81
\c@subsection=\count82
\c@subsubsection=\count83
\c@paragraph=\count84
\c@subparagraph=\count85
\c@figure=\count86
\c@table=\count87
\abovecaptionskip=\skip41
\belowcaptionskip=\skip42
\bibindent=\dimen102
)
(/usr/share/texmf/tex/latex/base/makeidx.sty
Package: makeidx 2000/03/29 v1.0m Standard LaTeX package
)
(/usr/share/texmf/tex/latex/graphics/graphicx.sty
Package: graphicx 1999/02/16 v1.0f Enhanced LaTeX Graphics (DPC,SPQR)

(/usr/share/texmf/tex/latex/graphics/keyval.sty
Package: keyval 1999/03/16 v1.13 key=value parser (DPC)
\KV@toks@=\toks14
)
(/usr/share/texmf/tex/latex/graphics/graphics.sty
Package: graphics 2001/07/07 v1.0n Standard LaTeX Graphics (DPC,SPQR)

(/usr/share/texmf/tex/latex/graphics/trig.sty
Package: trig 1999/03/16 v1.09 sin cos tan (DPC)
)
(/usr/share/texmf/tex/latex/graphics/graphics.cfg
File: graphics.cfg 2005/02/03 v1.3 graphics configuration of teTeX/TeXLive
)
Package graphics Info: Driver file: pdftex.def on input line 80.

(/usr/share/texmf/tex/latex/graphics/pdftex.def
File: pdftex.def 2002/06/19 v0.03k graphics/color for pdftex
\Gread@gobject=\count88
))
\Gin@req@height=\dimen103
\Gin@req@width=\dimen104
)
(/usr/share/texmf/tex/latex/tools/multicol.sty
Package: multicol 2004/02/14 v1.6e multicolumn formatting (FMi)
\c@tracingmulticols=\count89
\mult@box=\box26
\multicol@leftmargin=\dimen105
\c@unbalance=\count90
\c@collectmore=\count91
\doublecol@number=\count92
\multicoltolerance=\count93
\multicolpretolerance=\count94
\full@width=\dimen106
\page@free=\dimen107
\premulticols=\dimen108
\postmulticols=\dimen109
\multicolsep=\skip43
\multicolbaselineskip=\skip44
\partial@page=\box27
\last@line=\box28
\mult@rightbox=\box29
\mult@grightbox=\box30
\mult@gfirstbox=\box31
\mult@firstbox=\box32
\@tempa=\box33
\@tempa=\box34
\@tempa=\box35
\@tempa=\box36
\@tempa=\box37
\@tempa=\box38
\@tempa=\box39
\@tempa=\box40
\@tempa=\box41
\@tempa=\box42
\@tempa=\box43
\@tempa=\box44
\@tempa=\box45
\@tempa=\box46
\@tempa=\box47
\@tempa=\box48
\@tempa=\box49
\c@columnbadness=\count95
\c@finalcolumnbadness=\count96
\last@try=\dimen110
\multicolovershoot=\dimen111
\multicolundershoot=\dimen112
\mult@nat@firstbox=\box50
\colbreak@box=\box51
)
(/usr/share/texmf/tex/latex/float/float.sty
Package: float 2001/11/08 v1.3d Float enhancements (AL)
\c@float@type=\count97
\float@exts=\toks15
\float@box=\box52
\@float@everytoks=\toks16
\@floatcapt=\box53
)
(/usr/share/texmf/tex/latex/listings/listings.sty
\lst@mode=\count98
\lst@gtempboxa=\box54
\lst@token=\toks17
\lst@length=\count99
\lst@currlwidth=\dimen113
\lst@column=\count100
\lst@pos=\count101
\lst@lostspace=\dimen114
\lst@width=\dimen115
\lst@newlines=\count102
\lst@lineno=\count103
\c@lstlisting=\count104
\lst@maxwidth=\dimen116

(/usr/share/texmf/tex/latex/listings/lstpatch.sty
File: lstpatch.sty 2004/10/17 1.3b (Carsten Heinz)
)
(/usr/share/texmf/tex/latex/listings/lstmisc.sty
File: lstmisc.sty 2004/09/07 1.3 (Carsten Heinz)
\c@lstnumber=\count105
\lst@skipnumbers=\count106
\lst@framebox=\box55
)
(/usr/share/texmf/tex/latex/listings/listings.cfg
File: listings.cfg 2004/09/05 1.3 listings configuration
))
Package: listings 2004/10/17 1.3b (Carsten Heinz)

(/usr/share/texmf/tex/latex/graphics/color.sty
Package: color 1999/02/16 v1.0i Standard LaTeX Color (DPC)

(/usr/share/texmf/tex/latex/graphics/color.cfg
File: color.cfg 2005/02/03 v1.3 color configuration of teTeX/TeXLive
)
Package color Info: Driver file: pdftex.def on input line 125.
)
(/usr/share/texmf/tex/latex/base/ifthen.sty
Package: ifthen 2001/05/26 v1.1c Standard LaTeX ifthen package (DPC)
)
(/usr/share/texmf/tex/latex/xcolor/xcolor.sty
Package: xcolor 2004/07/04 v2.00 LaTeX color extensions (UK)

(/usr/share/texmf/tex/latex/graphics/color.cfg
File: color.cfg 2005/02/03 v1.3 color configuration of teTeX/TeXLive
)
Package xcolor Info: Driver file: pdftex.def on input line 136.

(/usr/share/texmf/tex/latex/carlisle/colortbl.sty
Package: colortbl 2001/02/13 v0.1j Color table columns (DPC)

(/usr/share/texmf/tex/latex/tools/array.sty
Package: array 2003/12/17 v2.4a Tabular extension package (FMi)
\col@sep=\dimen117
\extrarowheight=\dimen118
\NC@list=\toks18
\extratabsurround=\skip45
\backup@length=\skip46
)
\everycr=\toks19
\minrowclearance=\skip47
)
LaTeX Info: Redefining \color on input line 494.
Package xcolor Info: Color model `cmy' added on input line 972.
Package xcolor Info: Color model `hsb' added on input line 980.
Package xcolor Info: Color model `HTML' added on input line 1000.
Package xcolor Info: Color model `HSB' added on input line 1006.
Package xcolor Info: Color model `Gray' added on input line 1012.
)
(/usr/share/texmf/tex/latex/base/textcomp.sty
Package: textcomp 2004/02/22 v1.99f Standard LaTeX package
Package textcomp Info: Sub-encoding information:
(textcomp)               5 = only ISO-Adobe without \textcurrency
(textcomp)               4 = 5 + \texteuro
(textcomp)               3 = 4 + \textohm
(textcomp)               2 = 3 + \textestimated + \textcurrency
(textcomp)               1 = TS1 - \textcircled - \t
(textcomp)               0 = TS1 (full)
(textcomp)             Font families with sub-encoding setting implement
(textcomp)             only a restricted character set as indicated.
(textcomp)             Family '?' is the default used for unknown fonts.
(textcomp)             See the documentation for details.
Package textcomp Info: Setting ? sub-encoding to TS1/1 on input line 71.

(/usr/share/texmf/tex/latex/base/ts1enc.def
File: ts1enc.def 2001/06/05 v3.0e (jk/car/fm) Standard LaTeX file
)
LaTeX Info: Redefining \oldstylenums on input line 266.
Package textcomp Info: Setting cmr sub-encoding to TS1/0 on input line 281.
Package textcomp Info: Setting cmss sub-encoding to TS1/0 on input line 282.
Package textcomp Info: Setting cmtt sub-encoding to TS1/0 on input line 283.
Package textcomp Info: Setting cmvtt sub-encoding to TS1/0 on input line 284.
Package textcomp Info: Setting cmbr sub-encoding to TS1/0 on input line 285.
Package textcomp Info: Setting cmtl sub-encoding to TS1/0 on input line 286.
Package textcomp Info: Setting ccr sub-encoding to TS1/0 on input line 287.
Package textcomp Info: Setting ptm sub-encoding to TS1/4 on input line 288.
Package textcomp Info: Setting pcr sub-encoding to TS1/4 on input line 289.
Package textcomp Info: Setting phv sub-encoding to TS1/4 on input line 290.
Package textcomp Info: Setting ppl sub-encoding to TS1/3 on input line 291.
Package textcomp Info: Setting pag sub-encoding to TS1/4 on input line 292.
Package textcomp Info: Setting pbk sub-encoding to TS1/4 on input line 293.
Package textcomp Info: Setting pnc sub-encoding to TS1/4 on input line 294.
Package textcomp Info: Setting pzc sub-encoding to TS1/4 on input line 295.
Package textcomp Info: Setting bch sub-encoding to TS1/4 on input line 296.
Package textcomp Info: Setting put sub-encoding to TS1/5 on input line 297.
Package textcomp Info: Setting uag sub-encoding to TS1/5 on input line 298.
Package textcomp Info: Setting ugq sub-encoding to TS1/5 on input line 299.
Package textcomp Info: Setting ul8 sub-encoding to TS1/4 on input line 300.
Package textcomp Info: Setting ul9 sub-encoding to TS1/4 on input line 301.
Package textcomp Info: Setting augie sub-encoding to TS1/5 on input line 302.
Package textcomp Info: Setting dayrom sub-encoding to TS1/3 on input line 303.
Package textcomp Info: Setting dayroms sub-encoding to TS1/3 on input line 304.

Package textcomp Info: Setting pxr sub-encoding to TS1/0 on input line 305.
Package textcomp Info: Setting pxss sub-encoding to TS1/0 on input line 306.
Package textcomp Info: Setting pxtt sub-encoding to TS1/0 on input line 307.
Package textcomp Info: Setting txr sub-encoding to TS1/0 on input line 308.
Package textcomp Info: Setting txss sub-encoding to TS1/0 on input line 309.
Package textcomp Info: Setting txtt sub-encoding to TS1/0 on input line 310.
Package textcomp Info: Setting futs sub-encoding to TS1/4 on input line 311.
Package textcomp Info: Setting futx sub-encoding to TS1/4 on input line 312.
Package textcomp Info: Setting futj sub-encoding to TS1/4 on input line 313.
Package textcomp Info: Setting hlh sub-encoding to TS1/3 on input line 314.
Package textcomp Info: Setting hls sub-encoding to TS1/3 on input line 315.
Package textcomp Info: Setting hlst sub-encoding to TS1/3 on input line 316.
Package textcomp Info: Setting hlct sub-encoding to TS1/5 on input line 317.
Package textcomp Info: Setting hlx sub-encoding to TS1/5 on input line 318.
Package textcomp Info: Setting hlce sub-encoding to TS1/5 on input line 319.
Package textcomp Info: Setting hlcn sub-encoding to TS1/5 on input line 320.
Package textcomp Info: Setting hlcw sub-encoding to TS1/5 on input line 321.
Package textcomp Info: Setting hlcf sub-encoding to TS1/5 on input line 322.
Package textcomp Info: Setting pplx sub-encoding to TS1/3 on input line 323.
Package textcomp Info: Setting pplj sub-encoding to TS1/3 on input line 324.
Package textcomp Info: Setting ptmx sub-encoding to TS1/4 on input line 325.
Package textcomp Info: Setting ptmj sub-encoding to TS1/4 on input line 326.
)
(/usr/share/texmf/tex/latex/base/alltt.sty
Package: alltt 1997/06/16 v2.0g defines alltt environment
)
(/usr/share/texmf/tex/latex/oberdiek/ifpdf.sty
Package: ifpdf 2001/06/14 v1.0 Providing \ifpdf (HO)
Package ifpdf Info: pdfTeX in pdf mode detected on input line 140.
)
(/usr/share/texmf/tex/latex/hyperref/hyperref.sty
Package: hyperref 2003/11/30 v6.74m Hypertext links for LaTeX
\@linkdim=\dimen119
\Hy@linkcounter=\count107
\Hy@pagecounter=\count108

(/usr/share/texmf/tex/latex/hyperref/pd1enc.def
File: pd1enc.def 2003/11/30 v6.74m Hyperref: PDFDocEncoding definition (HO)
)
(/usr/share/texmf/tex/latex/hyperref/hyperref.cfg
File: hyperref.cfg 2002/06/06 v1.2 hyperref configuration of TeXLive and teTeX
)
Package hyperref Info: Option `colorlinks' set `true' on input line 1830.
Package hyperref Info: Option `unicode' set `true' on input line 1830.

(/usr/share/texmf/tex/latex/hyperref/puenc.def
File: puenc.def 2003/11/30 v6.74m Hyperref: PDF Unicode definition (HO)
)
Package hyperref Info: Hyper figures OFF on input line 1880.
Package hyperref Info: Link nesting OFF on input line 1885.
Package hyperref Info: Hyper index ON on input line 1888.
Package hyperref Info: Plain pages ON on input line 1893.
Package hyperref Info: Backreferencing ON on input line 1898.

Implicit mode ON; LaTeX internals redefined
Package hyperref Info: Bookmarks ON on input line 2004.
(/usr/share/texmf/tex/latex/hyperref/backref.sty
Package: backref 2003/03/20 v1.23 Bibliographical back referencing
)
(/usr/share/texmf/tex/latex/url/url.sty
\Urlmuskip=\muskip10
Package: url 2004/03/15  ver 3.1  Verb mode for urls, etc.
)
LaTeX Info: Redefining \url on input line 2143.
\Fld@menulength=\count109
\Field@Width=\dimen120
\Fld@charsize=\dimen121
\Choice@toks=\toks20
\Field@toks=\toks21
Package hyperref Info: Hyper figures OFF on input line 2618.
Package hyperref Info: Link nesting OFF on input line 2623.
Package hyperref Info: Hyper index ON on input line 2626.
Package hyperref Info: backreferencing ON on input line 2631.
Package hyperref Info: Link coloring ON on input line 2636.
\c@Item=\count110
\c@Hfootnote=\count111
)
*hyperref using driver hpdftex*
(/usr/share/texmf/tex/latex/hyperref/hpdftex.def
File: hpdftex.def 2003/11/30 v6.74m Hyperref driver for pdfTeX

(/usr/share/texmf/tex/latex/psnfss/pifont.sty
Package: pifont 2004/09/15 PSNFSS-v9.2 Pi font support (SPQR) 
LaTeX Font Info:    Try loading font information for U+pzd on input line 63.

(/usr/share/texmf/tex/latex/psnfss/upzd.fd
File: upzd.fd 2001/06/04 font definitions for U/pzd.
)
LaTeX Font Info:    Try loading font information for U+psy on input line 64.

(/usr/share/texmf/tex/latex/psnfss/upsy.fd
File: upsy.fd 2001/06/04 font definitions for U/psy.
))
\Fld@listcount=\count112
\@outlinefile=\write3
)
(/usr/share/texmf/tex/latex/base/inputenc.sty
Package: inputenc 2004/02/05 v1.0d Input encoding file

(/usr/share/texmf/tex/latex/base/utf8.def
File: utf8.def 2004/02/09 v1.1b UTF-8 support for inputenc
Now handling font encoding OML ...
... no UTF-8 mapping file for font encoding OML
Now handling font encoding T1 ...
... processing UTF-8 mapping file for font encoding T1

(/usr/share/texmf/tex/latex/base/t1enc.dfu
File: t1enc.dfu 2004/02/09 v1.1b UTF-8 support for inputenc
   defining Unicode char U+00A1 (decimal 161)
   defining Unicode char U+00A3 (decimal 163)
   defining Unicode char U+00AB (decimal 171)
   defining Unicode char U+00BB (decimal 187)
   defining Unicode char U+00BF (decimal 191)
   defining Unicode char U+00C0 (decimal 192)
   defining Unicode char U+00C1 (decimal 193)
   defining Unicode char U+00C2 (decimal 194)
   defining Unicode char U+00C3 (decimal 195)
   defining Unicode char U+00C4 (decimal 196)
   defining Unicode char U+00C5 (decimal 197)
   defining Unicode char U+00C6 (decimal 198)
   defining Unicode char U+00C7 (decimal 199)
   defining Unicode char U+00C8 (decimal 200)
   defining Unicode char U+00C9 (decimal 201)
   defining Unicode char U+00CA (decimal 202)
   defining Unicode char U+00CB (decimal 203)
   defining Unicode char U+00CC (decimal 204)
   defining Unicode char U+00CD (decimal 205)
   defining Unicode char U+00CE (decimal 206)
   defining Unicode char U+00CF (decimal 207)
   defining Unicode char U+00D0 (decimal 208)
   defining Unicode char U+00D1 (decimal 209)
   defining Unicode char U+00D2 (decimal 210)
   defining Unicode char U+00D3 (decimal 211)
   defining Unicode char U+00D4 (decimal 212)
   defining Unicode char U+00D5 (decimal 213)
   defining Unicode char U+00D6 (decimal 214)
   defining Unicode char U+00D8 (decimal 216)
   defining Unicode char U+00D9 (decimal 217)
   defining Unicode char U+00DA (decimal 218)
   defining Unicode char U+00DB (decimal 219)
   defining Unicode char U+00DC (decimal 220)
   defining Unicode char U+00DD (decimal 221)
   defining Unicode char U+00DE (decimal 222)
   defining Unicode char U+00DF (decimal 223)
   defining Unicode char U+00E0 (decimal 224)
   defining Unicode char U+00E1 (decimal 225)
   defining Unicode char U+00E2 (decimal 226)
   defining Unicode char U+00E3 (decimal 227)
   defining Unicode char U+00E4 (decimal 228)
   defining Unicode char U+00E5 (decimal 229)
   defining Unicode char U+00E6 (decimal 230)
   defining Unicode char U+00E7 (decimal 231)
   defining Unicode char U+00E8 (decimal 232)
   defining Unicode char U+00E9 (decimal 233)
   defining Unicode char U+00EA (decimal 234)
   defining Unicode char U+00EB (decimal 235)
   defining Unicode char U+00EC (decimal 236)
   defining Unicode char U+00ED (decimal 237)
   defining Unicode char U+00EE (decimal 238)
   defining Unicode char U+00EF (decimal 239)
   defining Unicode char U+00F0 (decimal 240)
   defining Unicode char U+00F1 (decimal 241)
   defining Unicode char U+00F2 (decimal 242)
   defining Unicode char U+00F3 (decimal 243)
   defining Unicode char U+00F4 (decimal 244)
   defining Unicode char U+00F5 (decimal 245)
   defining Unicode char U+00F6 (decimal 246)
   defining Unicode char U+00F8 (decimal 248)
   defining Unicode char U+00F9 (decimal 249)
   defining Unicode char U+00FA (decimal 250)
   defining Unicode char U+00FB (decimal 251)
   defining Unicode char U+00FC (decimal 252)
   defining Unicode char U+00FD (decimal 253)
   defining Unicode char U+00FE (decimal 254)
   defining Unicode char U+00FF (decimal 255)
   defining Unicode char U+0102 (decimal 258)
   defining Unicode char U+0103 (decimal 259)
   defining Unicode char U+0104 (decimal 260)
   defining Unicode char U+0105 (decimal 261)
   defining Unicode char U+0106 (decimal 262)
   defining Unicode char U+0107 (decimal 263)
   defining Unicode char U+010C (decimal 268)
   defining Unicode char U+010D (decimal 269)
   defining Unicode char U+010E (decimal 270)
   defining Unicode char U+010F (decimal 271)
   defining Unicode char U+0110 (decimal 272)
   defining Unicode char U+0111 (decimal 273)
   defining Unicode char U+0118 (decimal 280)
   defining Unicode char U+0119 (decimal 281)
   defining Unicode char U+011A (decimal 282)
   defining Unicode char U+011B (decimal 283)
   defining Unicode char U+011E (decimal 286)
   defining Unicode char U+011F (decimal 287)
   defining Unicode char U+0130 (decimal 304)
   defining Unicode char U+0131 (decimal 305)
   defining Unicode char U+0139 (decimal 313)
   defining Unicode char U+013A (decimal 314)
   defining Unicode char U+013D (decimal 317)
   defining Unicode char U+013E (decimal 318)
   defining Unicode char U+0141 (decimal 321)
   defining Unicode char U+0142 (decimal 322)
   defining Unicode char U+0143 (decimal 323)
   defining Unicode char U+0144 (decimal 324)
   defining Unicode char U+0147 (decimal 327)
   defining Unicode char U+0148 (decimal 328)
   defining Unicode char U+014A (decimal 330)
   defining Unicode char U+014B (decimal 331)
   defining Unicode char U+0150 (decimal 336)
   defining Unicode char U+0151 (decimal 337)
   defining Unicode char U+0152 (decimal 338)
   defining Unicode char U+0153 (decimal 339)
   defining Unicode char U+0154 (decimal 340)
   defining Unicode char U+0155 (decimal 341)
   defining Unicode char U+0158 (decimal 344)
   defining Unicode char U+0159 (decimal 345)
   defining Unicode char U+015A (decimal 346)
   defining Unicode char U+015B (decimal 347)
   defining Unicode char U+015E (decimal 350)
   defining Unicode char U+015F (decimal 351)
   defining Unicode char U+0160 (decimal 352)
   defining Unicode char U+0161 (decimal 353)
   defining Unicode char U+0162 (decimal 354)
   defining Unicode char U+0163 (decimal 355)
   defining Unicode char U+0164 (decimal 356)
   defining Unicode char U+0165 (decimal 357)
   defining Unicode char U+016E (decimal 366)
   defining Unicode char U+016F (decimal 367)
   defining Unicode char U+0170 (decimal 368)
   defining Unicode char U+0171 (decimal 369)
   defining Unicode char U+0178 (decimal 376)
   defining Unicode char U+0179 (decimal 377)
   defining Unicode char U+017A (decimal 378)
   defining Unicode char U+017B (decimal 379)
   defining Unicode char U+017C (decimal 380)
   defining Unicode char U+017D (decimal 381)
   defining Unicode char U+017E (decimal 382)
   defining Unicode char U+200C (decimal 8204)
   defining Unicode char U+2013 (decimal 8211)
   defining Unicode char U+2014 (decimal 8212)
   defining Unicode char U+2018 (decimal 8216)
   defining Unicode char U+2019 (decimal 8217)
   defining Unicode char U+201A (decimal 8218)
   defining Unicode char U+201C (decimal 8220)
   defining Unicode char U+201D (decimal 8221)
   defining Unicode char U+201E (decimal 8222)
   defining Unicode char U+2030 (decimal 8240)
   defining Unicode char U+2031 (decimal 8241)
   defining Unicode char U+2039 (decimal 8249)
   defining Unicode char U+203A (decimal 8250)
   defining Unicode char U+2423 (decimal 9251)
)
Now handling font encoding OT1 ...
... processing UTF-8 mapping file for font encoding OT1

(/usr/share/texmf/tex/latex/base/ot1enc.dfu
File: ot1enc.dfu 2004/02/09 v1.1b UTF-8 support for inputenc
   defining Unicode char U+00A1 (decimal 161)
   defining Unicode char U+00A3 (decimal 163)
   defining Unicode char U+00B8 (decimal 184)
   defining Unicode char U+00BF (decimal 191)
   defining Unicode char U+00C5 (decimal 197)
   defining Unicode char U+00C6 (decimal 198)
   defining Unicode char U+00D8 (decimal 216)
   defining Unicode char U+00DF (decimal 223)
   defining Unicode char U+00E6 (decimal 230)
   defining Unicode char U+00EC (decimal 236)
   defining Unicode char U+00ED (decimal 237)
   defining Unicode char U+00EE (decimal 238)
   defining Unicode char U+00EF (decimal 239)
   defining Unicode char U+00F8 (decimal 248)
   defining Unicode char U+0131 (decimal 305)
   defining Unicode char U+0141 (decimal 321)
   defining Unicode char U+0142 (decimal 322)
   defining Unicode char U+0152 (decimal 338)
   defining Unicode char U+0153 (decimal 339)
   defining Unicode char U+2013 (decimal 8211)
   defining Unicode char U+2014 (decimal 8212)
   defining Unicode char U+2018 (decimal 8216)
   defining Unicode char U+2019 (decimal 8217)
   defining Unicode char U+201C (decimal 8220)
   defining Unicode char U+201D (decimal 8221)
)
Now handling font encoding OMS ...
... processing UTF-8 mapping file for font encoding OMS

(/usr/share/texmf/tex/latex/base/omsenc.dfu
File: omsenc.dfu 2004/02/09 v1.1b UTF-8 support for inputenc
   defining Unicode char U+00A7 (decimal 167)
   defining Unicode char U+00B6 (decimal 182)
   defining Unicode char U+02D9 (decimal 729)
   defining Unicode char U+2020 (decimal 8224)
   defining Unicode char U+2021 (decimal 8225)
   defining Unicode char U+2022 (decimal 8226)
)
Now handling font encoding OMX ...
... no UTF-8 mapping file for font encoding OMX
Now handling font encoding U ...
... no UTF-8 mapping file for font encoding U
Now handling font encoding TS1 ...
... processing UTF-8 mapping file for font encoding TS1

(/usr/share/texmf/tex/latex/base/ts1enc.dfu
File: ts1enc.dfu 2004/02/09 v1.1b UTF-8 support for inputenc
   defining Unicode char U+00A2 (decimal 162)
   defining Unicode char U+00A3 (decimal 163)
   defining Unicode char U+00A4 (decimal 164)
   defining Unicode char U+00A5 (decimal 165)
   defining Unicode char U+00A6 (decimal 166)
   defining Unicode char U+00A7 (decimal 167)
   defining Unicode char U+00A8 (decimal 168)
   defining Unicode char U+00A9 (decimal 169)
   defining Unicode char U+00AA (decimal 170)
   defining Unicode char U+00AC (decimal 172)
   defining Unicode char U+00AE (decimal 174)
   defining Unicode char U+00AF (decimal 175)
   defining Unicode char U+00B0 (decimal 176)
   defining Unicode char U+00B1 (decimal 177)
   defining Unicode char U+00B2 (decimal 178)
   defining Unicode char U+00B3 (decimal 179)
   defining Unicode char U+00B4 (decimal 180)
   defining Unicode char U+00B5 (decimal 181)
   defining Unicode char U+00B6 (decimal 182)
   defining Unicode char U+00B7 (decimal 183)
   defining Unicode char U+00B9 (decimal 185)
   defining Unicode char U+00BA (decimal 186)
   defining Unicode char U+00BC (decimal 188)
   defining Unicode char U+00BD (decimal 189)
   defining Unicode char U+00BE (decimal 190)
   defining Unicode char U+00D7 (decimal 215)
   defining Unicode char U+00F7 (decimal 247)
   defining Unicode char U+0192 (decimal 402)
   defining Unicode char U+02C7 (decimal 711)
   defining Unicode char U+02D8 (decimal 728)
   defining Unicode char U+02DD (decimal 733)
   defining Unicode char U+0E37 (decimal 3639)
   defining Unicode char U+2016 (decimal 8214)
   defining Unicode char U+2020 (decimal 8224)
   defining Unicode char U+2021 (decimal 8225)
   defining Unicode char U+2022 (decimal 8226)
   defining Unicode char U+2030 (decimal 8240)
   defining Unicode char U+2031 (decimal 8241)
   defining Unicode char U+203B (decimal 8251)
   defining Unicode char U+203D (decimal 8253)
   defining Unicode char U+2044 (decimal 8260)
   defining Unicode char U+204E (decimal 8270)
   defining Unicode char U+2052 (decimal 8274)
   defining Unicode char U+20A1 (decimal 8353)
   defining Unicode char U+20A4 (decimal 8356)
   defining Unicode char U+20A6 (decimal 8358)
   defining Unicode char U+20A9 (decimal 8361)
   defining Unicode char U+20AB (decimal 8363)
   defining Unicode char U+20AC (decimal 8364)
   defining Unicode char U+20B1 (decimal 8369)
   defining Unicode char U+2103 (decimal 8451)
   defining Unicode char U+2116 (decimal 8470)
   defining Unicode char U+2117 (decimal 8471)
   defining Unicode char U+211E (decimal 8478)
   defining Unicode char U+2120 (decimal 8480)
   defining Unicode char U+2122 (decimal 8482)
   defining Unicode char U+2126 (decimal 8486)
   defining Unicode char U+2127 (decimal 8487)
   defining Unicode char U+212E (decimal 8494)
   defining Unicode char U+2190 (decimal 8592)
   defining Unicode char U+2191 (decimal 8593)
   defining Unicode char U+2192 (decimal 8594)
   defining Unicode char U+2193 (decimal 8595)
   defining Unicode char U+2329 (decimal 9001)
   defining Unicode char U+232A (decimal 9002)
   defining Unicode char U+2422 (decimal 9250)
   defining Unicode char U+25E6 (decimal 9702)
   defining Unicode char U+25EF (decimal 9711)
   defining Unicode char U+266A (decimal 9834)
)
Now handling font encoding PD1 ...
... no UTF-8 mapping file for font encoding PD1
Now handling font encoding PU ...
... no UTF-8 mapping file for font encoding PU
   defining Unicode char U+00A9 (decimal 169)
   defining Unicode char U+00AA (decimal 170)
   defining Unicode char U+00AE (decimal 174)
   defining Unicode char U+00BA (decimal 186)
   defining Unicode char U+02C6 (decimal 710)
   defining Unicode char U+02CA (decimal 714)
   defining Unicode char U+200C (decimal 8204)
   defining Unicode char U+2026 (decimal 8230)
   defining Unicode char U+2122 (decimal 8482)
   defining Unicode char U+2423 (decimal 9251)
))
(/usr/share/texmf/tex/latex/psnfss/mathptmx.sty
Package: mathptmx 2004/09/15 PSNFSS-v9.2 Times w/ Math, improved (SPQR, WaS) 
LaTeX Font Info:    Redeclaring symbol font `operators' on input line 28.
LaTeX Font Info:    Overwriting symbol font `operators' in version `normal'
(Font)                  OT1/cmr/m/n --> OT1/ztmcm/m/n on input line 28.
LaTeX Font Info:    Overwriting symbol font `operators' in version `bold'
(Font)                  OT1/cmr/bx/n --> OT1/ztmcm/m/n on input line 28.
LaTeX Font Info:    Redeclaring symbol font `letters' on input line 29.
LaTeX Font Info:    Overwriting symbol font `letters' in version `normal'
(Font)                  OML/cmm/m/it --> OML/ztmcm/m/it on input line 29.
LaTeX Font Info:    Overwriting symbol font `letters' in version `bold'
(Font)                  OML/cmm/b/it --> OML/ztmcm/m/it on input line 29.
LaTeX Font Info:    Redeclaring symbol font `symbols' on input line 30.
LaTeX Font Info:    Overwriting symbol font `symbols' in version `normal'
(Font)                  OMS/cmsy/m/n --> OMS/ztmcm/m/n on input line 30.
LaTeX Font Info:    Overwriting symbol font `symbols' in version `bold'
(Font)                  OMS/cmsy/b/n --> OMS/ztmcm/m/n on input line 30.
LaTeX Font Info:    Redeclaring symbol font `largesymbols' on input line 31.
LaTeX Font Info:    Overwriting symbol font `largesymbols' in version `normal'
(Font)                  OMX/cmex/m/n --> OMX/ztmcm/m/n on input line 31.
LaTeX Font Info:    Overwriting symbol font `largesymbols' in version `bold'
(Font)                  OMX/cmex/m/n --> OMX/ztmcm/m/n on input line 31.
\symbold=\mathgroup4
\symitalic=\mathgroup5
LaTeX Font Info:    Redeclaring math alphabet \mathbf on input line 34.
LaTeX Font Info:    Overwriting math alphabet `\mathbf' in version `normal'
(Font)                  OT1/cmr/bx/n --> OT1/ptm/bx/n on input line 34.
LaTeX Font Info:    Overwriting math alphabet `\mathbf' in version `bold'
(Font)                  OT1/cmr/bx/n --> OT1/ptm/bx/n on input line 34.
LaTeX Font Info:    Redeclaring math alphabet \mathit on input line 35.
LaTeX Font Info:    Overwriting math alphabet `\mathit' in version `normal'
(Font)                  OT1/cmr/m/it --> OT1/ptm/m/it on input line 35.
LaTeX Font Info:    Overwriting math alphabet `\mathit' in version `bold'
(Font)                  OT1/cmr/bx/it --> OT1/ptm/m/it on input line 35.
LaTeX Info: Redefining \hbar on input line 50.
)
(/usr/share/texmf/tex/latex/psnfss/helvet.sty
Package: helvet 2004/09/15 PSNFSS-v9.2 (WaS) 
)
(/usr/share/texmf/tex/latex/psnfss/courier.sty
Package: courier 2004/09/15 PSNFSS-v9.2 (WaS) 
) (./doxygen.sty
Package: doxygen 

(/usr/share/texmf/tex/latex/tools/calc.sty
Package: calc 1998/07/07 v4.1b Infix arithmetic (KKT,FJ)
\calc@Acount=\count113
\calc@Bcount=\count114
\calc@Adimen=\dimen122
\calc@Bdimen=\dimen123
\calc@Askip=\skip48
\calc@Bskip=\skip49
LaTeX Info: Redefining \setlength on input line 59.
LaTeX Info: Redefining \addtolength on input line 60.
\calc@denominator=\count115
)
(/usr/share/texmf/tex/latex/fancyhdr/fancyhdr.sty
\fancy@headwidth=\skip50
\f@ncyO@elh=\skip51
\f@ncyO@erh=\skip52
\f@ncyO@olh=\skip53
\f@ncyO@orh=\skip54
\f@ncyO@elf=\skip55
\f@ncyO@erf=\skip56
\f@ncyO@olf=\skip57
\f@ncyO@orf=\skip58
)
(/usr/share/texmf/tex/latex/tools/longtable.sty
Package: longtable 2004/02/01 v4.11 Multi-page Table package (DPC)
\LTleft=\skip59
\LTright=\skip60
\LTpre=\skip61
\LTpost=\skip62
\LTchunksize=\count116
\LTcapwidth=\dimen124
\LT@head=\box56
\LT@firsthead=\box57
\LT@foot=\box58
\LT@lastfoot=\box59
\LT@cols=\count117
\LT@rows=\count118
\c@LT@tables=\count119
\c@LT@chunks=\count120
\LT@p@ftn=\toks22
)
(/usr/share/texmf/tex/latex/tools/verbatim.sty
Package: verbatim 2003/08/22 v1.5q LaTeX2e package for verbatim enhancements
\every@verbatim=\toks23
\verbatim@line=\toks24
\verbatim@in@stream=\read1
)
(/usr/share/texmf/tex/latex/sectsty/sectsty.sty
Package: sectsty 2002/02/25 v2.0.2 Commands to change all sectional heading sty
les
)
(/usr/share/texmf/tex/latex/tocloft/tocloft.sty
Package: tocloft 2003/09/26 v2.3c parameterised ToC, etc., typesetting


Package tocloft Note: The document has chapter divisions.

\cftparskip=\skip63
\cftbeforetoctitleskip=\skip64
\cftaftertoctitleskip=\skip65
\cftbeforepartskip=\skip66
\cftpartnumwidth=\skip67
\cftpartindent=\skip68
\cftbeforechapskip=\skip69
\cftchapindent=\skip70
\cftchapnumwidth=\skip71
\cftbeforesecskip=\skip72
\cftsecindent=\skip73
\cftsecnumwidth=\skip74
\cftbeforesubsecskip=\skip75
\cftsubsecindent=\skip76
\cftsubsecnumwidth=\skip77
\cftbeforesubsubsecskip=\skip78
\cftsubsubsecindent=\skip79
\cftsubsubsecnumwidth=\skip80
\cftbeforeparaskip=\skip81
\cftparaindent=\skip82
\cftparanumwidth=\skip83
\cftbeforesubparaskip=\skip84
\cftsubparaindent=\skip85
\cftsubparanumwidth=\skip86
\cftbeforeloftitleskip=\skip87
\cftafterloftitleskip=\skip88
\cftbeforefigskip=\skip89
\cftfigindent=\skip90
\cftfignumwidth=\skip91
\c@lofdepth=\count121
\c@lotdepth=\count122
\cftbeforelottitleskip=\skip92
\cftafterlottitleskip=\skip93
\cftbeforetabskip=\skip94
\cfttabindent=\skip95
\cfttabnumwidth=\skip96
)
\tmplength=\skip97
 (/usr/share/texmf/tex/latex/base/fontenc.sty
Package: fontenc 2004/02/22 v1.99f Standard LaTeX package

(/usr/share/texmf/tex/latex/base/t1enc.def
File: t1enc.def 2004/02/22 v1.99f Standard LaTeX file
LaTeX Font Info:    Redeclaring font encoding T1 on input line 43.
)))
(/usr/share/texmf/tex/latex/listings/lstlang1.sty
File: lstlang1.sty 2004/09/05 1.3 listings language file
)
(/usr/share/texmf/tex/latex/listings/lstlang1.sty
File: lstlang1.sty 2004/09/05 1.3 listings language file
)
(/usr/share/texmf/tex/latex/listings/lstmisc.sty
File: lstmisc.sty 2004/09/07 1.3 (Carsten Heinz)
)
\@indexfile=\write4
\openout4 = `bQella-documentation.idx'.


Writing index file bQella-documentation.idx
No file bQella-documentation.aux.
\openout1 = `bQella-documentation.aux'.

LaTeX Font Info:    Checking defaults for OML/cmm/m/it on input line 38.
LaTeX Font Info:    ... okay on input line 38.
LaTeX Font Info:    Checking defaults for T1/cmr/m/n on input line 38.
LaTeX Font Info:    ... okay on input line 38.
LaTeX Font Info:    Checking defaults for OT1/cmr/m/n on input line 38.
LaTeX Font Info:    ... okay on input line 38.
LaTeX Font Info:    Checking defaults for OMS/cmsy/m/n on input line 38.
LaTeX Font Info:    ... okay on input line 38.
LaTeX Font Info:    Checking defaults for OMX/cmex/m/n on input line 38.
LaTeX Font Info:    ... okay on input line 38.
LaTeX Font Info:    Checking defaults for U/cmr/m/n on input line 38.
LaTeX Font Info:    ... okay on input line 38.
LaTeX Font Info:    Checking defaults for TS1/cmr/m/n on input line 38.
LaTeX Font Info:    Try loading font information for TS1+cmr on input line 38.
(/usr/share/texmf/tex/latex/base/ts1cmr.fd
File: ts1cmr.fd 1999/05/25 v2.5h Standard LaTeX font definitions
)
LaTeX Font Info:    ... okay on input line 38.
LaTeX Font Info:    Checking defaults for PD1/pdf/m/n on input line 38.
LaTeX Font Info:    ... okay on input line 38.
LaTeX Font Info:    Checking defaults for PU/pdf/m/n on input line 38.
LaTeX Font Info:    ... okay on input line 38.
LaTeX Font Info:    Try loading font information for T1+ptm on input line 38.

(/usr/share/texmf/tex/latex/psnfss/t1ptm.fd
File: t1ptm.fd 2001/06/04 font definitions for T1/ptm.
)
(/usr/share/texmf/tex/context/base/supp-pdf.tex
(/usr/share/texmf/tex/context/base/supp-mis.tex
loading : Context Support Macros / Miscellaneous (2004.10.26)
\protectiondepth=\count123
\scratchcounter=\count124
\scratchtoks=\toks25
\scratchdimen=\dimen125
\scratchskip=\skip98
\scratchmuskip=\muskip11
\scratchbox=\box60
\scratchread=\read2
\scratchwrite=\write5
\zeropoint=\dimen126
\onepoint=\dimen127
\onebasepoint=\dimen128
\minusone=\count125
\thousandpoint=\dimen129
\onerealpoint=\dimen130
\emptytoks=\toks26
\nextbox=\box61
\nextdepth=\dimen131
\everyline=\toks27
\!!counta=\count126
\!!countb=\count127
\recursecounter=\count128
)
loading : Context Support Macros / PDF (2004.03.26)
\nofMPsegments=\count129
\nofMParguments=\count130
\MPscratchCnt=\count131
\MPscratchDim=\dimen132
\MPnumerator=\count132
\everyMPtoPDFconversion=\toks28
)
\rownum=\count133
Package hyperref Info: Link coloring ON on input line 38.
 (/usr/share/texmf/tex/latex/hyperref/nameref.sty
Package: nameref 2003/12/03 v2.21 Cross-referencing by name of section
\c@section@level=\count134
)
LaTeX Info: Redefining \ref on input line 38.
LaTeX Info: Redefining \pageref on input line 38.
\openout3 = `bQella-documentation.out'.

\big@size=\dimen133
Package hyperref Info: Option `pageanchor' set `false' on input line 39.
 [1


{/usr/share/texmf-var/fonts/map/pdftex/updmap/pdftex.map}] [2

]
LaTeX Font Info:    Font shape `T1/ptm/bx/n' in size <24.88> not available
(Font)              Font shape `T1/ptm/b/n' tried instead on input line 52.
\tf@toc=\write6
\openout6 = `bQella-documentation.toc'.

 [1] [2

]
Package hyperref Info: Option `pageanchor' set `true' on input line 55.

Chapter 1.
LaTeX Font Info:    Font shape `T1/ptm/bx/n' in size <20.74> not available
(Font)              Font shape `T1/ptm/b/n' tried instead on input line 56.
LaTeX Font Info:    Try loading font information for OT1+phv on input line 56.
(/usr/share/texmf/tex/latex/psnfss/ot1phv.fd
File: ot1phv.fd 2001/06/04 scalable font definitions for OT1/phv.
)
LaTeX Font Info:    Font shape `OT1/phv/bc/n' will be
(Font)              scaled to size 18.66588pt on input line 56.
LaTeX Font Info:    Font shape `OT1/phv/bc/n' will be
(Font)              scaled to size 22.39185pt on input line 56.
 (./namespaces.tex
LaTeX Font Info:    Font shape `T1/ptm/bx/n' in size <14.4> not available
(Font)              Font shape `T1/ptm/b/n' tried instead on input line 1.
LaTeX Font Info:    Font shape `OT1/phv/bc/n' will be
(Font)              scaled to size 12.9599pt on input line 1.
LaTeX Font Info:    Try loading font information for OT1+ztmcm on input line 3.


(/usr/share/texmf/tex/latex/psnfss/ot1ztmcm.fd
File: ot1ztmcm.fd 2000/01/03 Fontinst v1.801 font definitions for OT1/ztmcm.
)
LaTeX Font Info:    Try loading font information for OML+ztmcm on input line 3.


(/usr/share/texmf/tex/latex/psnfss/omlztmcm.fd
File: omlztmcm.fd 2000/01/03 Fontinst v1.801 font definitions for OML/ztmcm.
)
LaTeX Font Info:    Try loading font information for OMS+ztmcm on input line 3.


(/usr/share/texmf/tex/latex/psnfss/omsztmcm.fd
File: omsztmcm.fd 2000/01/03 Fontinst v1.801 font definitions for OMS/ztmcm.
)
LaTeX Font Info:    Try loading font information for OMX+ztmcm on input line 3.


(/usr/share/texmf/tex/latex/psnfss/omxztmcm.fd
File: omxztmcm.fd 2000/01/03 Fontinst v1.801 font definitions for OMX/ztmcm.
)
LaTeX Font Info:    Try loading font information for OT1+ptm on input line 3.

(/usr/share/texmf/tex/latex/psnfss/ot1ptm.fd
File: ot1ptm.fd 2001/06/04 font definitions for OT1/ptm.
)
LaTeX Font Info:    Font shape `OT1/ptm/bx/n' in size <10> not available
(Font)              Font shape `OT1/ptm/b/n' tried instead on input line 3.
LaTeX Font Info:    Font shape `OT1/ptm/bx/n' in size <7.4> not available
(Font)              Font shape `OT1/ptm/b/n' tried instead on input line 3.
LaTeX Font Info:    Font shape `OT1/ptm/bx/n' in size <6> not available
(Font)              Font shape `OT1/ptm/b/n' tried instead on input line 3.
LaTeX Font Info:    Font shape `T1/ptm/bx/n' in size <10> not available
(Font)              Font shape `T1/ptm/b/n' tried instead on input line 3.


LaTeX Warning: Reference `namespaceUi' on page 1 undefined on input line 3.

) [1

]
LaTeX Font Info:    Font shape `T1/ptm/bx/n' in size <7> not available
(Font)              Font shape `T1/ptm/b/n' tried instead on input line 58.
 [2

]
Chapter 2.
(./hierarchy.tex

LaTeX Warning: Reference `classAboutDialog' on page 3 undefined on input line 3
.


LaTeX Warning: Reference `classAppSettings' on page 3 undefined on input line 4
.


LaTeX Warning: Reference `classAssistant' on page 3 undefined on input line 5.


LaTeX Warning: Reference `classBookAddDialog' on page 3 undefined on input line
 6.


LaTeX Warning: Reference `classConfig' on page 3 undefined on input line 7.


LaTeX Warning: Reference `structContentItem' on page 3 undefined on input line 
8.


LaTeX Warning: Reference `classDialogCellSplit' on page 3 undefined on input li
ne 9.


LaTeX Warning: Reference `classDocProperties' on page 3 undefined on input line
 10.


LaTeX Warning: Reference `structDocument' on page 3 undefined on input line 11.



LaTeX Warning: Reference `classDocuParser' on page 3 undefined on input line 12
.


LaTeX Warning: Reference `classDocuParserRAP' on page 3 undefined on input line
 14.


LaTeX Warning: Reference `structIndex_1_1Entry' on page 3 undefined on input li
ne 16.


LaTeX Warning: Reference `classExport' on page 3 undefined on input line 17.


LaTeX Warning: Reference `classFontPanel' on page 3 undefined on input line 18.



LaTeX Warning: Reference `structFontSettings' on page 3 undefined on input line
 19.


LaTeX Warning: Reference `classFontSettingsDialog' on page 3 undefined on input
 line 20.


LaTeX Warning: Reference `classFRDialog' on page 3 undefined on input line 21.


LaTeX Warning: Reference `classHelpDialog' on page 3 undefined on input line 22
.


LaTeX Warning: Reference `classHelpNavigationListItem' on page 3 undefined on i
nput line 23.


LaTeX Warning: Reference `classImport' on page 3 undefined on input line 24.


LaTeX Warning: Reference `classImportBookDialog' on page 3 undefined on input l
ine 25.


LaTeX Warning: Reference `classIndex' on page 3 undefined on input line 26.


LaTeX Warning: Reference `structIndexItem' on page 3 undefined on input line 27
.


LaTeX Warning: Reference `structIndexKeyword' on page 3 undefined on input line
 28.


LaTeX Warning: Reference `classIndexListModel' on page 3 undefined on input lin
e 29.


LaTeX Warning: Reference `classItemProperties' on page 3 undefined on input lin
e 30.


LaTeX Warning: Reference `classLinkProperties' on page 3 undefined on input lin
e 31.


LaTeX Warning: Reference `structLnkItem' on page 3 undefined on input line 32.


LaTeX Warning: Reference `classMainWindow' on page 3 undefined on input line 33
.


LaTeX Warning: Reference `structIndex_1_1PosEntry' on page 3 undefined on input
 line 34.

[3]

LaTeX Warning: Reference `classPreviewView' on page 4 undefined on input line 3
5.


LaTeX Warning: Reference `classPrintPreview' on page 4 undefined on input line 
36.


LaTeX Warning: Reference `classProfile' on page 4 undefined on input line 37.


LaTeX Warning: Reference `classProjectProperties' on page 4 undefined on input 
line 38.


LaTeX Warning: Reference `classProjectSettings' on page 4 undefined on input li
ne 39.


LaTeX Warning: Reference `classraEdit' on page 4 undefined on input line 40.


LaTeX Warning: Reference `classHelpWindow' on page 4 undefined on input line 42
.


LaTeX Warning: Reference `classSearchValidator' on page 4 undefined on input li
ne 44.


LaTeX Warning: Reference `structSrcItem' on page 4 undefined on input line 45.


LaTeX Warning: Reference `classSrcListParser' on page 4 undefined on input line
 46.


LaTeX Warning: Reference `structStructModuleProperties' on page 4 undefined on 
input line 47.


LaTeX Warning: Reference `classTabbedBrowser' on page 4 undefined on input line
 48.


LaTeX Warning: Reference `classTableProperties' on page 4 undefined on input li
ne 49.


LaTeX Warning: Reference `classTagDialog' on page 4 undefined on input line 50.



LaTeX Warning: Reference `structTerm' on page 4 undefined on input line 51.

) [4]
Chapter 3.
(./annotated.tex

LaTeX Warning: Reference `classAboutDialog' on page 5 undefined on input line 3
.


LaTeX Warning: Reference `classAppSettings' on page 5 undefined on input line 4
.


LaTeX Warning: Reference `classAssistant' on page 5 undefined on input line 5.


LaTeX Warning: Reference `classBookAddDialog' on page 5 undefined on input line
 6.


LaTeX Warning: Reference `classConfig' on page 5 undefined on input line 7.


LaTeX Warning: Reference `structContentItem' on page 5 undefined on input line 
8.


LaTeX Warning: Reference `classDialogCellSplit' on page 5 undefined on input li
ne 9.


LaTeX Warning: Reference `classDocProperties' on page 5 undefined on input line
 10.


LaTeX Warning: Reference `structDocument' on page 5 undefined on input line 11.



LaTeX Warning: Reference `classDocuParser' on page 5 undefined on input line 12
.


LaTeX Warning: Reference `classDocuParserRAP' on page 5 undefined on input line
 13.


LaTeX Warning: Reference `structIndex_1_1Entry' on page 5 undefined on input li
ne 14.


LaTeX Warning: Reference `classExport' on page 5 undefined on input line 15.


LaTeX Warning: Reference `classFontPanel' on page 5 undefined on input line 16.



LaTeX Warning: Reference `structFontSettings' on page 5 undefined on input line
 17.


LaTeX Warning: Reference `classFontSettingsDialog' on page 5 undefined on input
 line 18.


LaTeX Warning: Reference `classFRDialog' on page 5 undefined on input line 19.


LaTeX Warning: Reference `classHelpDialog' on page 5 undefined on input line 20
.


LaTeX Warning: Reference `classHelpNavigationListItem' on page 5 undefined on i
nput line 21.


LaTeX Warning: Reference `classHelpWindow' on page 5 undefined on input line 22
.


LaTeX Warning: Reference `classImport' on page 5 undefined on input line 23.


LaTeX Warning: Reference `classImportBookDialog' on page 5 undefined on input l
ine 24.


LaTeX Warning: Reference `classIndex' on page 5 undefined on input line 25.


LaTeX Warning: Reference `structIndexItem' on page 5 undefined on input line 26
.


LaTeX Warning: Reference `structIndexKeyword' on page 5 undefined on input line
 27.


LaTeX Warning: Reference `classIndexListModel' on page 5 undefined on input lin
e 28.


LaTeX Warning: Reference `classItemProperties' on page 5 undefined on input lin
e 29.


LaTeX Warning: Reference `classLinkProperties' on page 5 undefined on input lin
e 30.


LaTeX Warning: Reference `structLnkItem' on page 5 undefined on input line 31.


LaTeX Warning: Reference `classMainWindow' on page 5 undefined on input line 32
.

[5

]

LaTeX Warning: Reference `structIndex_1_1PosEntry' on page 6 undefined on input
 line 33.


LaTeX Warning: Reference `classPreviewView' on page 6 undefined on input line 3
4.


LaTeX Warning: Reference `classPrintPreview' on page 6 undefined on input line 
35.


LaTeX Warning: Reference `classProfile' on page 6 undefined on input line 36.


LaTeX Warning: Reference `classProjectProperties' on page 6 undefined on input 
line 37.


LaTeX Warning: Reference `classProjectSettings' on page 6 undefined on input li
ne 38.


LaTeX Warning: Reference `classraEdit' on page 6 undefined on input line 39.


LaTeX Warning: Reference `classSearchValidator' on page 6 undefined on input li
ne 40.


LaTeX Warning: Reference `structSrcItem' on page 6 undefined on input line 41.


LaTeX Warning: Reference `classSrcListParser' on page 6 undefined on input line
 42.


LaTeX Warning: Reference `structStructModuleProperties' on page 6 undefined on 
input line 43.


LaTeX Warning: Reference `classTabbedBrowser' on page 6 undefined on input line
 44.


LaTeX Warning: Reference `classTableProperties' on page 6 undefined on input li
ne 45.


LaTeX Warning: Reference `classTagDialog' on page 6 undefined on input line 46.



LaTeX Warning: Reference `structTerm' on page 6 undefined on input line 47.

) [6]
Chapter 4.
(./namespaceUi.tex
LaTeX Font Info:    Font shape `T1/ptm/bx/n' in size <12> not available
(Font)              Font shape `T1/ptm/b/n' tried instead on input line 7.
LaTeX Font Info:    Font shape `OT1/phv/bc/n' will be
(Font)              scaled to size 10.79993pt on input line 7.
LaTeX Font Info:    Try loading font information for T1+pcr on input line 14.
 (/usr/share/texmf/tex/latex/psnfss/t1pcr.fd
File: t1pcr.fd 2001/06/04 font definitions for T1/pcr.
)
Overfull \hbox (0.6669pt too wide) in paragraph at lines 14--15
[]\T1/ptm/m/n/10 Author: Sapronov Alexan-der/War-mon-geR E-Mail: sapronov.alexa
nder92@.gmail.com
 []

)
Overfull \hbox (0.6669pt too wide) in paragraph at lines 22--64
[]\T1/ptm/m/n/10 Author: Sapronov Alexan-der/War-mon-geR E-Mail: sapronov.alexa
nder92@.gmail.com
 []

[7

] [8

]
Chapter 5.
(./classAboutDialog.tex
LaTeX Font Info:    Try loading font information for TS1+ptm on input line 8.
 (/usr/share/texmf/tex/latex/psnfss/ts1ptm.fd
File: ts1ptm.fd 2001/06/04 font definitions for TS1/ptm.
)
LaTeX Font Info:    Font shape `OT1/phv/bc/n' will be
(Font)              scaled to size 8.99994pt on input line 36.
LaTeX Font Info:    Font shape `OT1/phv/bc/it' in size <10> not available
(Font)              Font shape `OT1/phv/bc/sl' tried instead on input line 36.
LaTeX Font Info:    Font shape `OT1/phv/bc/sl' will be
(Font)              scaled to size 8.99994pt on input line 36.
LaTeX Font Info:    Try loading font information for OT1+pcr on input line 36.

(/usr/share/texmf/tex/latex/psnfss/ot1pcr.fd
File: ot1pcr.fd 2001/06/04 font definitions for OT1/pcr.
)

LaTeX Font Warning: Font shape `OT1/pcr/bc/it' undefined
(Font)              using `OT1/pcr/m/n' instead on input line 36.


LaTeX Font Warning: Font shape `OT1/pcr/bc/n' undefined
(Font)              using `OT1/pcr/m/n' instead on input line 36.


Overfull \hbox (0.6669pt too wide) in paragraph at lines 44--45
[]\T1/ptm/m/n/10 Author: Sapronov Alexan-der/War-mon-geR E-Mail: sapronov.alexa
nder92@.gmail.com
 []

[9]) (./classAppSettings.tex
Overfull \hbox (0.6669pt too wide) in paragraph at lines 64--65
[]\T1/ptm/m/n/10 Author: Sapronov Alexan-der/War-mon-geR E-Mail: sapronov.alexa
nder92@.gmail.com
 []

[10]
Overfull \hbox (0.6669pt too wide) in paragraph at lines 82--83
[]\T1/ptm/m/n/10 Author: Sapronov Alexan-der/War-mon-geR E-Mail: sapronov.alexa
nder92@.gmail.com
 []

) (./classAssistant.tex) (./classBookAddDialog.tex [11]
Overfull \hbox (0.6669pt too wide) in paragraph at lines 77--78
[]\T1/ptm/m/n/10 Author: Sapronov Alexan-der/War-mon-geR E-Mail: sapronov.alexa
nder92@.gmail.com
 []


Overfull \hbox (16.38597pt too wide) in paragraph at lines 81--82
[]\T1/ptm/m/n/10 /home/files/Develop/git/bQella/next/bQella/src/dialogs/bookdia
log/bookadddialog.h 
 []


Overfull \hbox (25.82591pt too wide) in paragraph at lines 82--82
[]\T1/ptm/m/n/10 /home/files/Develop/git/bQella/next/bQella/src/dialogs/bookdia
log/bookadddialog.cpp 
 []

) (./classConfig.tex [12] [13] [14] [15]) (./structContentItem.tex)
(./classDialogCellSplit.tex [16]
Overfull \hbox (0.6669pt too wide) in paragraph at lines 31--32
[]\T1/ptm/m/n/10 Author: Sapronov Alexan-der/War-mon-geR E-Mail: sapronov.alexa
nder92@.gmail.com
 []


Overfull \hbox (0.6669pt too wide) in paragraph at lines 49--50
[]\T1/ptm/m/n/10 Author: Sapronov Alexan-der/War-mon-geR E-Mail: sapronov.alexa
nder92@.gmail.com
 []

) (./classDocProperties.tex [17]
Overfull \hbox (0.6669pt too wide) in paragraph at lines 54--55
[]\T1/ptm/m/n/10 Author: Sapronov Alexan-der/War-mon-geR E-Mail: sapronov.alexa
nder92@.gmail.com
 []


Overfull \hbox (0.6669pt too wide) in paragraph at lines 72--73
[]\T1/ptm/m/n/10 Author: Sapronov Alexan-der/War-mon-geR E-Mail: sapronov.alexa
nder92@.gmail.com
 []

) (./structDocument.tex [18]
Overfull \hbox (0.6669pt too wide) in paragraph at lines 59--60
[]\T1/ptm/m/n/10 Author: Sapronov Alexan-der/War-mon-geR E-Mail: sapronov.alexa
nder92@.gmail.com
 []

) (./classDocuParser.tex
<classDocuParser.pdf, id=455, 501.875pt x 355.30743pt>
File: classDocuParser.pdf Graphic file (type pdf)

<use classDocuParser.pdf> [19]) (./classDocuParserRAP.tex
<classDocuParserRAP.pdf, id=477, 501.875pt x 355.30743pt>
File: classDocuParserRAP.pdf Graphic file (type pdf)

<use classDocuParserRAP.pdf> [20 <./classDocuParser.pdf> <./classDocuParserRAP.
pdf>]) (./structIndex_1_1Entry.tex) (./classExport.tex
Overfull \hbox (3.65651pt too wide) in paragraph at lines 28--30
[]\T1/ptm/m/n/10 void \T1/ptm/b/n/10 ex-port-Bible-q-tIni-Info \T1/ptm/m/n/10 (
QString filebibleqt, QString file-name, QString count)
 []

[21]
Overfull \hbox (0.6669pt too wide) in paragraph at lines 46--47
[]\T1/ptm/m/n/10 Author: Sapronov Alexan-der/War-mon-geR E-Mail: sapronov.alexa
nder92@.gmail.com
 []


Overfull \hbox (0.6669pt too wide) in paragraph at lines 64--65
[]\T1/ptm/m/n/10 Author: Sapronov Alexan-der/War-mon-geR E-Mail: sapronov.alexa
nder92@.gmail.com
 []

[22]) (./classFontPanel.tex
Overfull \hbox (0.26572pt too wide) in paragraph at lines 38--38
[]\T1/ptm/m/n/10 /home/files/Develop/git/bQella/next/bQella/src/dialogs/fontdia
log/fontpanel.cpp 
 []

) (./structFontSettings.tex) (./classFontSettingsDialog.tex [23]
Overfull \hbox (0.6669pt too wide) in paragraph at lines 33--34
[]\T1/ptm/m/n/10 Author: Sapronov Alexan-der/War-mon-geR E-Mail: sapronov.alexa
nder92@.gmail.com
 []


Overfull \hbox (24.72513pt too wide) in paragraph at lines 37--38
[]\T1/ptm/m/n/10 /home/files/Develop/git/bQella/next/bQella/src/dialogs/fontdia
log/fontsettingsdialog.h 
 []


Overfull \hbox (34.16507pt too wide) in paragraph at lines 38--38
[]\T1/ptm/m/n/10 /home/files/Develop/git/bQella/next/bQella/src/dialogs/fontdia
log/fontsettingsdialog.cpp 
 []

) (./classFRDialog.tex
Overfull \hbox (0.6669pt too wide) in paragraph at lines 28--29
[]\T1/ptm/m/n/10 Author: Sapronov Alexan-der/War-mon-geR E-Mail: sapronov.alexa
nder92@.gmail.com
 []

[24]
Overfull \hbox (27.47543pt too wide) in paragraph at lines 32--33
[]\T1/ptm/m/n/10 /home/files/Develop/git/bQella/next/bQella/src/dialogs/findand
replacedialog/frdialog.h 
 []


Overfull \hbox (36.91537pt too wide) in paragraph at lines 33--33
[]\T1/ptm/m/n/10 /home/files/Develop/git/bQella/next/bQella/src/dialogs/findand
replacedialog/frdialog.cpp 
 []

) (./classHelpDialog.tex [25]
Overfull \hbox (5.82564pt too wide) in paragraph at lines 225--225
[]\T1/ptm/m/n/10 /home/files/Develop/git/bQella/next/bQella/src/dialogs/helpdia
log/helpdialog.cpp 
 []

) (./classHelpNavigationListItem.tex
Overfull \hbox (5.82564pt too wide) in paragraph at lines 28--28
[]\T1/ptm/m/n/10 /home/files/Develop/git/bQella/next/bQella/src/dialogs/helpdia
log/helpdialog.cpp 
 []

) (./classHelpWindow.tex
<classHelpWindow.pdf, id=633, 501.875pt x 446.10666pt>
File: classHelpWindow.pdf Graphic file (type pdf)

<use classHelpWindow.pdf> [26] [27 <./classHelpWindow.pdf>]
Overfull \hbox (2.7059pt too wide) in paragraph at lines 183--184
[]\T1/ptm/m/n/10 /home/files/Develop/git/bQella/next/bQella/src/dialogs/helpdia
log/helpwindow.h 
 []


Overfull \hbox (12.14584pt too wide) in paragraph at lines 184--184
[]\T1/ptm/m/n/10 /home/files/Develop/git/bQella/next/bQella/src/dialogs/helpdia
log/helpwindow.cpp 
 []

) (./classImport.tex [28]
Overfull \hbox (0.6669pt too wide) in paragraph at lines 65--66
[]\T1/ptm/m/n/10 Author: Sapronov Alexan-der/War-mon-geR E-Mail: sapronov.alexa
nder92@.gmail.com
 []


Overfull \hbox (17.43591pt too wide) in paragraph at lines 77--78
\T1/ptm/m/n/10 Edit project file (pro-ject-name.pem). Add to end two strings:" 
$\OML/ztmcm/m/it/10 <$\T1/ptm/m/n/10 /contents$\OML/ztmcm/m/it/10 >$ $<$\T1/ptm
/m/n/10 /pemproject$\OML/ztmcm/m/it/10 >$\T1/ptm/m/n/10 " 
 []


Overfull \hbox (21.88861pt too wide) in alignment at lines 78--81
 [] [] 
 []


Underfull \vbox (badness 10000) detected at line 81
 []


Overfull \hbox (21.88861pt too wide) in alignment at lines 94--101
 [] [] 
 []


Underfull \vbox (badness 10000) detected at line 101
 []

[29]
Overfull \hbox (21.88861pt too wide) in alignment at lines 135--148
 [] [] 
 []


Underfull \vbox (badness 10000) detected at line 148
 []


Overfull \hbox (44.73482pt too wide) in paragraph at lines 153--154
[]\T1/ptm/m/n/10 /home/files/Develop/git/bQella/next/bQella/src/dialogs/import/
importdialog/importdialog.h 
 []


Overfull \hbox (54.17476pt too wide) in paragraph at lines 154--154
[]\T1/ptm/m/n/10 /home/files/Develop/git/bQella/next/bQella/src/dialogs/import/
importdialog/importdialog.cpp 
 []

) (./classImportBookDialog.tex
Overfull \hbox (84.73482pt too wide) in paragraph at lines 25--26
[]\T1/ptm/m/n/10 /home/files/Develop/git/bQella/next/bQella/src/dialogs/import/
importbookdialog/importbookdialog.h 
 []


Overfull \hbox (94.17476pt too wide) in paragraph at lines 26--26
[]\T1/ptm/m/n/10 /home/files/Develop/git/bQella/next/bQella/src/dialogs/import/
importbookdialog/importbookdialog.cpp 
 []

) (./classIndex.tex [30]) (./structIndexItem.tex [31])
(./structIndexKeyword.tex
Overfull \hbox (5.55772pt too wide) in paragraph at lines 29--31
[]\T1/ptm/b/n/10 Q_-DUMMY_-COMPARISON_-OPERATOR \T1/ptm/m/n/10 ([][]In-dexKey-w
ord[][]) QString key-word
 []


Overfull \hbox (5.82564pt too wide) in paragraph at lines 45--45
[]\T1/ptm/m/n/10 /home/files/Develop/git/bQella/next/bQella/src/dialogs/helpdia
log/helpdialog.cpp 
 []

) (./classIndexListModel.tex [32]
Overfull \hbox (5.82564pt too wide) in paragraph at lines 62--62
[]\T1/ptm/m/n/10 /home/files/Develop/git/bQella/next/bQella/src/dialogs/helpdia
log/helpdialog.cpp 
 []

) (./classItemProperties.tex [33]
Overfull \hbox (0.6669pt too wide) in paragraph at lines 74--75
[]\T1/ptm/m/n/10 Author: Sapronov Alexan-der/War-mon-geR E-Mail: sapronov.alexa
nder92@.gmail.com
 []


Overfull \hbox (0.6669pt too wide) in paragraph at lines 92--93
[]\T1/ptm/m/n/10 Author: Sapronov Alexan-der/War-mon-geR E-Mail: sapronov.alexa
nder92@.gmail.com
 []


Overfull \hbox (14.6154pt too wide) in paragraph at lines 96--97
[]\T1/ptm/m/n/10 /home/files/Develop/git/bQella/next/bQella/src/dialogs/itempro
perty/itemproperty.h 
 []


Overfull \hbox (24.05534pt too wide) in paragraph at lines 97--97
[]\T1/ptm/m/n/10 /home/files/Develop/git/bQella/next/bQella/src/dialogs/itempro
perty/itemproperty.cpp 
 []

) (./classLinkProperties.tex [34]
Overfull \hbox (12.37741pt too wide) in paragraph at lines 79--80
[]\T1/ptm/m/n/10 Author: Alexan-der Sapronov/War-mon-geR E-Mail: [][]\T1/pcr/m/
n/10 warmonger72@gmail.com[][] \T1/ptm/m/n/10 Years:
 []


Overfull \hbox (0.6669pt too wide) in paragraph at lines 97--98
[]\T1/ptm/m/n/10 Author: Sapronov Alexan-der/War-mon-geR E-Mail: sapronov.alexa
nder92@.gmail.com
 []


Overfull \hbox (10.17574pt too wide) in paragraph at lines 101--102
[]\T1/ptm/m/n/10 /home/files/Develop/git/bQella/next/bQella/src/dialogs/linkpro
perty/linkproperty.h 
 []


Overfull \hbox (19.61568pt too wide) in paragraph at lines 102--102
[]\T1/ptm/m/n/10 /home/files/Develop/git/bQella/next/bQella/src/dialogs/linkpro
perty/linkproperty.cpp 
 []

) (./structLnkItem.tex [35]
Overfull \hbox (0.6669pt too wide) in paragraph at lines 54--55
[]\T1/ptm/m/n/10 Author: Sapronov Alexan-der/War-mon-geR E-Mail: sapronov.alexa
nder92@.gmail.com
 []

) (./classMainWindow.tex [36]) (./structIndex_1_1PosEntry.tex [37])
(./classPreviewView.tex) (./classPrintPreview.tex [38]) (./classProfile.tex
Overfull \hbox (0.6669pt too wide) in paragraph at lines 56--57
[]\T1/ptm/m/n/10 Author: Sapronov Alexan-der/War-mon-geR E-Mail: sapronov.alexa
nder92@.gmail.com
 []

) (./classProjectProperties.tex [39]
Overfull \hbox (0.6669pt too wide) in paragraph at lines 79--80
[]\T1/ptm/m/n/10 Author: Sapronov Alexan-der/War-mon-geR E-Mail: sapronov.alexa
nder92@.gmail.com
 []


Overfull \hbox (34.59541pt too wide) in paragraph at lines 83--84
[]\T1/ptm/m/n/10 /home/files/Develop/git/bQella/next/bQella/src/dialogs/project
property/projectproperty.h 
 []


Overfull \hbox (44.03535pt too wide) in paragraph at lines 84--84
[]\T1/ptm/m/n/10 /home/files/Develop/git/bQella/next/bQella/src/dialogs/project
property/projectproperty.cpp 
 []

) (./classProjectSettings.tex [40]
Overfull \hbox (31.92497pt too wide) in paragraph at lines 17--18
[]\T1/ptm/m/n/10 /home/files/Develop/git/bQella/next/bQella/src/dialogs/project
property/projectsettings.h 
 []


Overfull \hbox (41.36491pt too wide) in paragraph at lines 18--18
[]\T1/ptm/m/n/10 /home/files/Develop/git/bQella/next/bQella/src/dialogs/project
property/projectsettings.cpp 
 []

) (./classraEdit.tex <classraEdit.pdf, id=990, 501.875pt x 446.10666pt>
File: classraEdit.pdf Graphic file (type pdf)

<use classraEdit.pdf> [41 <./classraEdit.pdf>]
Overfull \hbox (0.6669pt too wide) in paragraph at lines 190--191
[]\T1/ptm/m/n/10 Author: Sapronov Alexan-der/War-mon-geR E-Mail: sapronov.alexa
nder92@.gmail.com
 []

[42]) (./classSearchValidator.tex [43]
Overfull \hbox (5.82564pt too wide) in paragraph at lines 23--23
[]\T1/ptm/m/n/10 /home/files/Develop/git/bQella/next/bQella/src/dialogs/helpdia
log/helpdialog.cpp 
 []

) (./structSrcItem.tex) (./classSrcListParser.tex [44]
Overfull \hbox (0.6669pt too wide) in paragraph at lines 139--140
[]\T1/ptm/m/n/10 Author: Sapronov Alexan-der/War-mon-geR E-Mail: sapronov.alexa
nder92@.gmail.com
 []

) (./structStructModuleProperties.tex [45]
Overfull \hbox (0.6669pt too wide) in paragraph at lines 151--152
[]\T1/ptm/m/n/10 Author: Sapronov Alexan-der/War-mon-geR E-Mail: sapronov.alexa
nder92@.gmail.com
 []


Overfull \hbox (34.59541pt too wide) in paragraph at lines 155--155
[]\T1/ptm/m/n/10 /home/files/Develop/git/bQella/next/bQella/src/dialogs/project
property/projectproperty.h 
 []

) (./classTabbedBrowser.tex [46] [47]
Overfull \hbox (0.6669pt too wide) in paragraph at lines 196--197
[]\T1/ptm/m/n/10 Author: Sapronov Alexan-der/War-mon-geR E-Mail: sapronov.alexa
nder92@.gmail.com
 []

) (./classTableProperties.tex [48]
Overfull \hbox (0.6669pt too wide) in paragraph at lines 54--55
[]\T1/ptm/m/n/10 Author: Sapronov Alexan-der/War-mon-geR E-Mail: sapronov.alexa
nder92@.gmail.com
 []


Overfull \hbox (0.6669pt too wide) in paragraph at lines 72--73
[]\T1/ptm/m/n/10 Author: Sapronov Alexan-der/War-mon-geR E-Mail: sapronov.alexa
nder92@.gmail.com
 []

[49]
Overfull \hbox (17.9355pt too wide) in paragraph at lines 76--77
[]\T1/ptm/m/n/10 /home/files/Develop/git/bQella/next/bQella/src/dialogs/tablepr
operty/tableproperty.h 
 []


Overfull \hbox (27.37544pt too wide) in paragraph at lines 77--77
[]\T1/ptm/m/n/10 /home/files/Develop/git/bQella/next/bQella/src/dialogs/tablepr
operty/tableproperty.cpp 
 []

) (./classTagDialog.tex
Overfull \hbox (0.6669pt too wide) in paragraph at lines 64--65
[]\T1/ptm/m/n/10 Author: Sapronov Alexan-der/War-mon-geR E-Mail: sapronov.alexa
nder92@.gmail.com
 []

) (./structTerm.tex [50]
Overfull \hbox (0.6669pt too wide) in paragraph at lines 45--46
[]\T1/ptm/m/n/10 Author: Sapronov Alexan-der/War-mon-geR E-Mail: sapronov.alexa
nder92@.gmail.com
 []

)
No file bQella-documentation.ind.
[51] (./bQella-documentation.aux)

LaTeX Font Warning: Some font shapes were not available, defaults substituted.


LaTeX Warning: There were undefined references.


LaTeX Warning: Label(s) may have changed. Rerun to get cross-references right.

 ) 
Here is how much of TeX's memory you used:
 8918 strings out of 94500
 156333 string characters out of 1176766
 156922 words of memory out of 1000000
 10945 multiletter control sequences out of 10000+50000
 58207 words of font info for 76 fonts, out of 500000 for 2000
 580 hyphenation exceptions out of 1000
 41i,12n,68p,445b,614s stack positions out of 1500i,500n,5000p,200000b,5000s
PDF statistics:
 1273 PDF objects out of 300000
 876 named destinations out of 131072
 37 words of extra memory for PDF output out of 65536
{/usr/share/texmf/fonts/enc/dvips/psnfss/8r.enc}</usr/share/texmf/fonts/type1
/urw/times/utmri8a.pfb></usr/share/texmf/fonts/type1/bluesky/cm/cmmi10.pfb></us
r/share/texmf/fonts/type1/urw/helvetic/uhvbo8ac.pfb></usr/share/texmf/fonts/typ
e1/bluesky/cm/cmsy10.pfb></usr/share/texmf/fonts/type1/urw/courier/ucrr8a.pfb><
/usr/share/texmf/fonts/type1/urw/helvetic/uhvb8ac.pfb></usr/share/texmf/fonts/t
ype1/urw/times/utmb8a.pfb></usr/share/texmf/fonts/type1/urw/times/utmr8a.pfb>
Output written on bQella-documentation.pdf (55 pages, 364797 bytes).
